2023-12-03 15:24:23,485 [INFO] Activator:176 - 


2023-12-03 15:24:23,507 [INFO] Activator:177 - !SESSION log4j initialized
2023-12-03 15:24:52,549 [INFO] LogOutputStream:77 - [STDOUT_REDIRECT] 
2023-12-03 15:25:07,587 [INFO] ApplicationProperties:184 - Using Application install path: D:\ST\STM32CubeIDE_1.13.2\STM32CubeIDE\plugins\com.st.stm32cube.common.mx_6.9.2.202309101412
2023-12-03 15:25:07,645 [INFO] DbMcusXml:78 - Set database path to: D:\ST\STM32CubeIDE_1.13.2\STM32CubeIDE\plugins\com.st.stm32cube.common.mx_6.9.2.202309101412\\db\/mcu/
2023-12-03 15:25:07,646 [INFO] ApiDb:274 - Set plugin database path to: D:\ST\STM32CubeIDE_1.13.2\STM32CubeIDE\plugins\com.st.stm32cube.common.mx_6.9.2.202309101412\\db\/plugins/boardmanager/
2023-12-03 15:25:07,646 [WARN] ApiDb:259 - Overriding images path with different value:  => D:\ST\STM32CubeIDE_1.13.2\STM32CubeIDE\plugins\com.st.stm32cube.common.mx_6.9.2.202309101412\\db\/plugins/mcufinder/images/
2023-12-03 15:25:07,777 [INFO] ApiDb:250 - Set database path to: C:\Users\Basti\.stmcufinder\plugins\mcufinder//mcu/
2023-12-03 15:25:07,779 [INFO] DbMcusAds:125 - Set database path to: C:\Users\Basti\.stmcufinder\plugins\mcufinder//mcu/
2023-12-03 15:25:07,781 [INFO] CrossReferenceDbSqlite:203 - Set database path to: C:\Users\Basti\.stmcufinder\plugins\mcufinder//mcu/cs/
2023-12-03 15:25:08,099 [INFO] RulesReader:64 - Compatibility file has been processed (293 Rules)
2023-12-03 15:25:08,512 [INFO] DbMcusXml:78 - Set database path to: D:\ST\STM32CubeIDE_1.13.2\STM32CubeIDE\plugins\com.st.stm32cube.common.mx_6.9.2.202309101412\\db\/mcu/
2023-12-03 15:25:08,512 [INFO] ApiDb:274 - Set plugin database path to: D:\ST\STM32CubeIDE_1.13.2\STM32CubeIDE\plugins\com.st.stm32cube.common.mx_6.9.2.202309101412\\db\/plugins/boardmanager/
2023-12-03 15:25:08,512 [INFO] ApiDb:261 - Set plugin images path to: D:\ST\STM32CubeIDE_1.13.2\STM32CubeIDE\plugins\com.st.stm32cube.common.mx_6.9.2.202309101412\\db\/plugins/mcufinder/images/
2023-12-03 15:25:08,512 [WARN] DbFile:41 - Overriding database path with different value: C:\Users\Basti\.stmcufinder\plugins\mcufinder/ => C:\Users\Basti\.stmcufinder\plugins\mcufinder
2023-12-03 15:25:08,512 [INFO] ApiDb:250 - Set database path to: C:\Users\Basti\.stmcufinder\plugins\mcufinder//mcu/
2023-12-03 15:25:08,513 [WARN] DbFile:41 - Overriding database path with different value: C:\Users\Basti\.stmcufinder\plugins\mcufinder/ => C:\Users\Basti\.stmcufinder\plugins\mcufinder
2023-12-03 15:25:08,513 [INFO] DbMcusAds:125 - Set database path to: C:\Users\Basti\.stmcufinder\plugins\mcufinder//mcu/
2023-12-03 15:25:08,513 [WARN] DbFile:41 - Overriding database path with different value: C:\Users\Basti\.stmcufinder\plugins\mcufinder/ => C:\Users\Basti\.stmcufinder\plugins\mcufinder
2023-12-03 15:25:08,513 [WARN] DbFile:41 - Overriding database path with different value: C:\Users\Basti\.stmcufinder\plugins\mcufinder/ => C:\Users\Basti\.stmcufinder\plugins\mcufinder
2023-12-03 15:25:08,513 [INFO] CrossReferenceDbSqlite:203 - Set database path to: C:\Users\Basti\.stmcufinder\plugins\mcufinder//mcu/cs/
2023-12-03 15:25:08,969 [INFO] MainPanel:262 - HeapMemory: 268435456
2023-12-03 15:25:09,480 [INFO] DbMcusXml:78 - Set database path to: D:\ST\STM32CubeIDE_1.13.2\STM32CubeIDE\plugins\com.st.stm32cube.common.mx_6.9.2.202309101412\\db\/mcu/
2023-12-03 15:25:09,480 [INFO] ApiDb:274 - Set plugin database path to: D:\ST\STM32CubeIDE_1.13.2\STM32CubeIDE\plugins\com.st.stm32cube.common.mx_6.9.2.202309101412\\db\/plugins/boardmanager/
2023-12-03 15:25:09,480 [INFO] ApiDb:261 - Set plugin images path to: D:\ST\STM32CubeIDE_1.13.2\STM32CubeIDE\plugins\com.st.stm32cube.common.mx_6.9.2.202309101412\\db\/plugins/mcufinder/images/
2023-12-03 15:25:09,493 [WARN] DbFile:41 - Overriding database path with different value: C:\Users\Basti\.stmcufinder\plugins\mcufinder/ => C:\Users\Basti\.stmcufinder\plugins\mcufinder
2023-12-03 15:25:09,493 [INFO] ApiDb:250 - Set database path to: C:\Users\Basti\.stmcufinder\plugins\mcufinder//mcu/
2023-12-03 15:25:09,494 [WARN] DbFile:41 - Overriding database path with different value: C:\Users\Basti\.stmcufinder\plugins\mcufinder/ => C:\Users\Basti\.stmcufinder\plugins\mcufinder
2023-12-03 15:25:09,494 [INFO] DbMcusAds:125 - Set database path to: C:\Users\Basti\.stmcufinder\plugins\mcufinder//mcu/
2023-12-03 15:25:09,494 [WARN] DbFile:41 - Overriding database path with different value: C:\Users\Basti\.stmcufinder\plugins\mcufinder/ => C:\Users\Basti\.stmcufinder\plugins\mcufinder
2023-12-03 15:25:09,494 [WARN] DbFile:41 - Overriding database path with different value: C:\Users\Basti\.stmcufinder\plugins\mcufinder/ => C:\Users\Basti\.stmcufinder\plugins\mcufinder
2023-12-03 15:25:09,494 [INFO] CrossReferenceDbSqlite:203 - Set database path to: C:\Users\Basti\.stmcufinder\plugins\mcufinder//mcu/cs/
2023-12-03 15:25:09,618 [INFO] ApplicationProperties:184 - Using Application install path: D:\ST\STM32CubeIDE_1.13.2\STM32CubeIDE\plugins\com.st.stm32cube.common.mx_6.9.2.202309101412
2023-12-03 15:25:09,623 [INFO] PluginManage:196 - Search for loadable plugins [exclusion list=, ]
2023-12-03 15:25:09,643 [INFO] PluginManage:310 - Check plugin analytics
2023-12-03 15:25:10,201 [INFO] AnalyticsPlugin:253 - Accepted Software Licenses: 
2023-12-03 15:25:10,201 [INFO] AnalyticsPlugin:255 - Accepted CMSIS Pack Licenses: 
2023-12-03 15:25:10,201 [INFO] AnalyticsPlugin:257 - Accepted Firmware Licenses: 
2023-12-03 15:25:10,210 [INFO] PluginManage:359 - Loaded plugin analytics (category:tool,tabindex:-1)
2023-12-03 15:25:10,212 [INFO] PluginManage:310 - Check plugin cadmodel
2023-12-03 15:25:10,249 [INFO] CADModel:105 - Init CAD model plugin
2023-12-03 15:25:10,250 [INFO] PluginManage:359 - Loaded plugin cadmodel (category:power,tabindex:5)
2023-12-03 15:25:10,250 [INFO] PluginManage:310 - Check plugin clock
2023-12-03 15:25:10,298 [INFO] PluginManage:359 - Loaded plugin clock (category:base,tabindex:2)
2023-12-03 15:25:10,298 [INFO] PluginManage:310 - Check plugin ddr
2023-12-03 15:25:10,319 [INFO] PluginManage:359 - Loaded plugin ddr (category:tool,tabindex:6)
2023-12-03 15:25:10,319 [INFO] PluginManage:310 - Check plugin filemanager
2023-12-03 15:25:10,655 [INFO] PluginManage:359 - Loaded plugin filemanager (category:base,tabindex:10)
2023-12-03 15:25:10,656 [INFO] PluginManage:310 - Check plugin ipmanager
2023-12-03 15:25:10,683 [INFO] PluginManage:359 - Loaded plugin ipmanager (category:base,tabindex:5)
2023-12-03 15:25:10,684 [INFO] PluginManage:310 - Check plugin lpbam
2023-12-03 15:25:10,703 [INFO] PluginManage:359 - Loaded plugin lpbam (category:base,tabindex:0)
2023-12-03 15:25:10,703 [INFO] PluginManage:310 - Check plugin memorymap
2023-12-03 15:25:10,734 [INFO] PluginManage:359 - Loaded plugin memorymap (category:base,tabindex:4)
2023-12-03 15:25:10,734 [INFO] PluginManage:310 - Check plugin pinoutandconfiguration
2023-12-03 15:25:10,758 [INFO] PluginManage:359 - Loaded plugin pinoutandconfiguration (category:base,tabindex:1)
2023-12-03 15:25:10,758 [INFO] PluginManage:310 - Check plugin pinoutconfig
2023-12-03 15:25:10,981 [WARN] SupportedApi:132 - Cannot load RTOS API schema: s4s-elt-must-match.1: The content of 'definitions' must match (annotation?, (simpleType | complexType)?, (unique | key | keyref)*)). A problem was found starting at: attribute.
2023-12-03 15:25:11,435 [INFO] PluginManage:359 - Loaded plugin pinoutconfig (category:base,tabindex:0)
2023-12-03 15:25:11,435 [INFO] PluginManage:310 - Check plugin power
2023-12-03 15:25:11,484 [INFO] PluginManage:359 - Loaded plugin power (category:power,tabindex:4)
2023-12-03 15:25:11,485 [INFO] PluginManage:310 - Check plugin projectmanager
2023-12-03 15:25:11,529 [INFO] PluginManage:359 - Loaded plugin projectmanager (category:projectmanager,tabindex:3)
2023-12-03 15:25:11,530 [INFO] PluginManage:310 - Check plugin thirdparty
2023-12-03 15:25:12,000 [INFO] PluginManage:359 - Loaded plugin thirdparty (category:base,tabindex:-1)
2023-12-03 15:25:12,000 [WARN] IntegrityCheckThread:84 - waiting for thirdparty lock release [integrity check]
2023-12-03 15:25:12,000 [INFO] PluginManage:310 - Check plugin tools
2023-12-03 15:25:12,000 [INFO] IntegrityCheckThread:86 - entering critical section [integrity check]
2023-12-03 15:25:12,001 [INFO] ThirdPartyUpdaterWithRetryManager:70 - Updater plugin not ready yet. [1/15]
2023-12-03 15:25:12,016 [INFO] PluginManage:359 - Loaded plugin tools (category:base,tabindex:7)
2023-12-03 15:25:12,016 [INFO] PluginManage:310 - Check plugin tutovideos
2023-12-03 15:25:12,358 [INFO] PluginManage:359 - Loaded plugin tutovideos (category:base,tabindex:-1)
2023-12-03 15:25:12,359 [INFO] PluginManage:310 - Check plugin updater
2023-12-03 15:25:12,394 [INFO] PluginManage:359 - Loaded plugin updater (category:base,tabindex:12)
2023-12-03 15:25:12,394 [INFO] PluginManage:310 - Check plugin userauth
2023-12-03 15:25:12,423 [INFO] UserAuth:113 - Init User Auth plugin
2023-12-03 15:25:12,423 [INFO] PluginManage:359 - Loaded plugin userauth (category:base,tabindex:14)
2023-12-03 15:25:12,424 [INFO] PluginManage:283 - PluginManage : Loaded plugins [17]
2023-12-03 15:25:13,096 [INFO] PinOutPanel:1499 - setPackage(No Configuration,No Configuration)
2023-12-03 15:25:13,442 [INFO] CADModel:165 - CPN selected for project level
2023-12-03 15:25:13,443 [INFO] CADModel:114 - Register for checkConnection events
2023-12-03 15:25:13,532 [INFO] IPUIPlugin:80 - create IPUIPlugin
2023-12-03 15:25:13,532 [INFO] PluginManager:220 - loadIPPluginJar : add adc
2023-12-03 15:25:13,567 [INFO] IPUIPlugin:80 - create IPUIPlugin
2023-12-03 15:25:13,568 [INFO] PluginManager:220 - loadIPPluginJar : add aes
2023-12-03 15:25:13,583 [INFO] IPUIPlugin:80 - create IPUIPlugin
2023-12-03 15:25:13,583 [INFO] PluginManager:220 - loadIPPluginJar : add can
2023-12-03 15:25:13,598 [INFO] IPUIPlugin:80 - create IPUIPlugin
2023-12-03 15:25:13,598 [INFO] PluginManager:220 - loadIPPluginJar : add comp
2023-12-03 15:25:13,606 [INFO] IPUIPlugin:80 - create IPUIPlugin
2023-12-03 15:25:13,606 [INFO] PluginManager:220 - loadIPPluginJar : add cryp
2023-12-03 15:25:13,612 [INFO] IPUIPlugin:80 - create IPUIPlugin
2023-12-03 15:25:13,612 [INFO] PluginManager:220 - loadIPPluginJar : add dfsdm
2023-12-03 15:25:13,628 [INFO] IPUIPlugin:80 - create IPUIPlugin
2023-12-03 15:25:13,628 [INFO] PluginManager:220 - loadIPPluginJar : add dma
2023-12-03 15:25:13,633 [INFO] IPUIPlugin:80 - create IPUIPlugin
2023-12-03 15:25:13,633 [INFO] PluginManager:220 - loadIPPluginJar : add dma3
2023-12-03 15:25:13,637 [INFO] IPUIPlugin:80 - create IPUIPlugin
2023-12-03 15:25:13,637 [INFO] PluginManager:220 - loadIPPluginJar : add fatfs
2023-12-03 15:25:13,644 [INFO] IPUIPlugin:80 - create IPUIPlugin
2023-12-03 15:25:13,644 [INFO] PluginManager:220 - loadIPPluginJar : add fmc
2023-12-03 15:25:13,662 [INFO] IPUIPlugin:80 - create IPUIPlugin
2023-12-03 15:25:13,662 [INFO] PluginManager:220 - loadIPPluginJar : add freertos
2023-12-03 15:25:13,665 [INFO] IPUIPlugin:80 - create IPUIPlugin
2023-12-03 15:25:13,665 [INFO] PluginManager:220 - loadIPPluginJar : add genericplugin
2023-12-03 15:25:13,680 [INFO] IPUIPlugin:80 - create IPUIPlugin
2023-12-03 15:25:13,680 [INFO] PluginManager:220 - loadIPPluginJar : add gfxmmu
2023-12-03 15:25:13,696 [INFO] IPUIPlugin:80 - create IPUIPlugin
2023-12-03 15:25:13,696 [INFO] PluginManager:220 - loadIPPluginJar : add gic
2023-12-03 15:25:13,713 [INFO] IPUIPlugin:80 - create IPUIPlugin
2023-12-03 15:25:13,713 [INFO] PluginManager:220 - loadIPPluginJar : add gpio
2023-12-03 15:25:13,729 [INFO] IPUIPlugin:80 - create IPUIPlugin
2023-12-03 15:25:13,729 [INFO] PluginManager:220 - loadIPPluginJar : add gtzc
2023-12-03 15:25:13,733 [INFO] IPUIPlugin:80 - create IPUIPlugin
2023-12-03 15:25:13,733 [INFO] PluginManager:220 - loadIPPluginJar : add hash
2023-12-03 15:25:13,743 [INFO] IPUIPlugin:80 - create IPUIPlugin
2023-12-03 15:25:13,743 [INFO] PluginManager:220 - loadIPPluginJar : add i2c
2023-12-03 15:25:13,748 [INFO] IPUIPlugin:80 - create IPUIPlugin
2023-12-03 15:25:13,748 [INFO] PluginManager:220 - loadIPPluginJar : add i2s
2023-12-03 15:25:13,752 [INFO] IPUIPlugin:80 - create IPUIPlugin
2023-12-03 15:25:13,753 [INFO] PluginManager:220 - loadIPPluginJar : add i3c
2023-12-03 15:25:13,768 [INFO] IPUIPlugin:80 - create IPUIPlugin
2023-12-03 15:25:13,769 [INFO] PluginManager:220 - loadIPPluginJar : add ipddr
2023-12-03 15:25:13,801 [INFO] IPUIPlugin:80 - create IPUIPlugin
2023-12-03 15:25:13,801 [INFO] PluginManager:220 - loadIPPluginJar : add linkedlist
2023-12-03 15:25:13,811 [INFO] IPUIPlugin:80 - create IPUIPlugin
2023-12-03 15:25:13,811 [INFO] PluginManager:220 - loadIPPluginJar : add lorawan
2023-12-03 15:25:13,814 [INFO] IPUIPlugin:80 - create IPUIPlugin
2023-12-03 15:25:13,814 [INFO] PluginManager:220 - loadIPPluginJar : add ltdc
2023-12-03 15:25:13,831 [INFO] IPUIPlugin:80 - create IPUIPlugin
2023-12-03 15:25:13,832 [INFO] PluginManager:220 - loadIPPluginJar : add mdma
2023-12-03 15:25:13,854 [INFO] IPUIPlugin:80 - create IPUIPlugin
2023-12-03 15:25:13,856 [INFO] PluginManager:220 - loadIPPluginJar : add nvic
2023-12-03 15:25:13,864 [INFO] IPUIPlugin:80 - create IPUIPlugin
2023-12-03 15:25:13,864 [INFO] PluginManager:220 - loadIPPluginJar : add opamp
2023-12-03 15:25:13,879 [INFO] IPUIPlugin:80 - create IPUIPlugin
2023-12-03 15:25:13,880 [INFO] PluginManager:220 - loadIPPluginJar : add openamp
2023-12-03 15:25:13,892 [INFO] IPUIPlugin:80 - create IPUIPlugin
2023-12-03 15:25:13,892 [INFO] PluginManager:220 - loadIPPluginJar : add pdm2pcm
2023-12-03 15:25:13,918 [INFO] IPUIPlugin:80 - create IPUIPlugin
2023-12-03 15:25:13,924 [INFO] PluginManager:220 - loadIPPluginJar : add plateformsettings
2023-12-03 15:25:13,940 [INFO] IPUIPlugin:80 - create IPUIPlugin
2023-12-03 15:25:13,940 [INFO] PluginManager:220 - loadIPPluginJar : add quadspi
2023-12-03 15:25:13,962 [INFO] IPUIPlugin:80 - create IPUIPlugin
2023-12-03 15:25:13,962 [INFO] PluginManager:220 - loadIPPluginJar : add resmgrutility
2023-12-03 15:25:13,967 [INFO] IPUIPlugin:80 - create IPUIPlugin
2023-12-03 15:25:13,967 [INFO] PluginManager:220 - loadIPPluginJar : add sai
2023-12-03 15:25:13,971 [INFO] IPUIPlugin:80 - create IPUIPlugin
2023-12-03 15:25:13,972 [INFO] PluginManager:220 - loadIPPluginJar : add spi
2023-12-03 15:25:14,010 [INFO] IPUIPlugin:80 - create IPUIPlugin
2023-12-03 15:25:14,010 [INFO] PluginManager:220 - loadIPPluginJar : add stm32_wpan
2023-12-03 15:25:14,034 [INFO] IPUIPlugin:80 - create IPUIPlugin
2023-12-03 15:25:14,034 [INFO] PluginManager:220 - loadIPPluginJar : add tim
2023-12-03 15:25:14,040 [INFO] IPUIPlugin:80 - create IPUIPlugin
2023-12-03 15:25:14,040 [INFO] PluginManager:220 - loadIPPluginJar : add touchsensing
2023-12-03 15:25:14,043 [INFO] IPUIPlugin:80 - create IPUIPlugin
2023-12-03 15:25:14,043 [INFO] PluginManager:220 - loadIPPluginJar : add tracer_emb
2023-12-03 15:25:14,046 [INFO] IPUIPlugin:80 - create IPUIPlugin
2023-12-03 15:25:14,046 [INFO] PluginManager:220 - loadIPPluginJar : add ts
2023-12-03 15:25:14,049 [INFO] IPUIPlugin:80 - create IPUIPlugin
2023-12-03 15:25:14,049 [INFO] PluginManager:220 - loadIPPluginJar : add tsc
2023-12-03 15:25:14,052 [INFO] IPUIPlugin:80 - create IPUIPlugin
2023-12-03 15:25:14,053 [INFO] PluginManager:220 - loadIPPluginJar : add ucpd
2023-12-03 15:25:14,058 [INFO] IPUIPlugin:80 - create IPUIPlugin
2023-12-03 15:25:14,058 [INFO] PluginManager:220 - loadIPPluginJar : add usart
2023-12-03 15:25:14,062 [INFO] IPUIPlugin:80 - create IPUIPlugin
2023-12-03 15:25:14,062 [INFO] PluginManager:220 - loadIPPluginJar : add usbx
2023-12-03 15:25:14,232 [INFO] CADModel:165 - CPN selected for project level
2023-12-03 15:25:14,232 [INFO] CADModel:114 - Register for checkConnection events
2023-12-03 15:25:14,233 [FATAL] Updater:308 - Updater called before beeing initialized
2023-12-03 15:25:14,233 [ERROR] CADModel:125 - Updater not yet initialized, retry later 
2023-12-03 15:25:14,643 [INFO] CADModel:165 - CPN selected for project level
2023-12-03 15:25:14,643 [INFO] CADModel:114 - Register for checkConnection events
2023-12-03 15:25:14,643 [FATAL] Updater:308 - Updater called before beeing initialized
2023-12-03 15:25:14,644 [ERROR] CADModel:125 - Updater not yet initialized, retry later 
2023-12-03 15:25:14,660 [FATAL] Updater:308 - Updater called before beeing initialized
2023-12-03 15:25:14,883 [FATAL] Updater:308 - Updater called before beeing initialized
2023-12-03 15:25:14,890 [INFO] DbMcusAds:53 - JSON generation date=Tue Mar 07 05:50:55 CLST 2023 (1678179055335)
2023-12-03 15:25:14,890 [FATAL] Updater:308 - Updater called before beeing initialized
2023-12-03 15:25:15,002 [INFO] ThirdPartyUpdaterWithRetryManager:70 - Updater plugin not ready yet. [2/15]
2023-12-03 15:25:15,031 [WARN] DetailPanel:346 - Failed to get advertising image, set to default
2023-12-03 15:25:15,178 [FATAL] Updater:308 - Updater called before beeing initialized
2023-12-03 15:25:15,200 [FATAL] Updater:308 - Updater called before beeing initialized
2023-12-03 15:25:15,200 [FATAL] Updater:308 - Updater called before beeing initialized
2023-12-03 15:25:15,200 [WARN] DetailPanel:346 - Failed to get advertising image, set to default
2023-12-03 15:25:15,205 [FATAL] Updater:308 - Updater called before beeing initialized
2023-12-03 15:25:15,344 [ERROR] Updater:1120 - MainUpdater not yet initialized. External WinMGr cannot be set.
2023-12-03 15:25:15,352 [INFO] Updater:1056 - Updater Version found : 6.9.2
2023-12-03 15:25:15,390 [INFO] ApplicationProperties:184 - Using Application install path: D:\ST\STM32CubeIDE_1.13.2\STM32CubeIDE\plugins\com.st.stm32cube.common.mx_6.9.2.202309101412
2023-12-03 15:25:18,003 [FATAL] Updater:308 - Updater called before beeing initialized
2023-12-03 15:25:18,004 [ERROR] IntegrityCheckThread:130 - Cannot retrieve database content from updater: error 21
2023-12-03 15:25:18,004 [INFO] ThirdParty:978 - Integrity check success = false
2023-12-03 15:25:18,004 [INFO] IntegrityCheckThread:100 - exiting critical section [integrity check]
2023-12-03 15:25:18,004 [INFO] IntegrityCheckThread:103 - End integrity checks thread
2023-12-03 15:25:19,558 [WARN] ServerAccessManage:1168 - Warning during Server Connection :  timeout Connect timed out
2023-12-03 15:25:23,323 [WARN] ServerAccessManage:1168 - Warning during Server Connection :  timeout Read timed out
2023-12-03 15:25:23,328 [INFO] MainUpdater:2868 - connection check result : 22
2023-12-03 15:25:23,329 [INFO] MainUpdater:285 - Updater Check For Update Now.
2023-12-03 15:25:23,329 [INFO] MicroXplorer:498 - Change Database Version : DB.6.0.92
2023-12-03 15:25:23,371 [INFO] McuFinderGlobals:63 - Set McuFinder mode to 2 (CubeIDE integrated)
2023-12-03 15:25:23,676 [INFO] CheckServerUpdateThread:120 - End of CheckServer Thread
2023-12-03 15:25:44,815 [ERROR] LogOutputStream:75 - [STDERR_REDIRECT] SLF4J: Failed to load class "org.slf4j.impl.StaticLoggerBinder".
2023-12-03 15:25:44,815 [ERROR] LogOutputStream:75 - [STDERR_REDIRECT] SLF4J: Defaulting to no-operation (NOP) logger implementation
2023-12-03 15:25:44,817 [ERROR] LogOutputStream:75 - [STDERR_REDIRECT] SLF4J: See http://www.slf4j.org/codes.html#StaticLoggerBinder for further details.
