2023-12-01 00:41:15,971 [INFO] Activator:176 - 


2023-12-01 00:41:15,980 [INFO] Activator:177 - !SESSION log4j initialized
2023-12-01 00:41:24,499 [INFO] LogOutputStream:77 - [STDOUT_REDIRECT] 
2023-12-01 00:41:40,083 [INFO] ApplicationProperties:184 - Using Application install path: D:\ST\STM32CubeIDE_1.13.2\STM32CubeIDE\plugins\com.st.stm32cube.common.mx_6.9.2.202309101412
2023-12-01 00:41:40,105 [INFO] DbMcusXml:78 - Set database path to: D:\ST\STM32CubeIDE_1.13.2\STM32CubeIDE\plugins\com.st.stm32cube.common.mx_6.9.2.202309101412\\db\/mcu/
2023-12-01 00:41:40,106 [INFO] ApiDb:274 - Set plugin database path to: D:\ST\STM32CubeIDE_1.13.2\STM32CubeIDE\plugins\com.st.stm32cube.common.mx_6.9.2.202309101412\\db\/plugins/boardmanager/
2023-12-01 00:41:40,107 [WARN] ApiDb:259 - Overriding images path with different value:  => D:\ST\STM32CubeIDE_1.13.2\STM32CubeIDE\plugins\com.st.stm32cube.common.mx_6.9.2.202309101412\\db\/plugins/mcufinder/images/
2023-12-01 00:41:40,120 [INFO] ApiDb:250 - Set database path to: C:\Users\Basti\.stmcufinder\plugins\mcufinder//mcu/
2023-12-01 00:41:40,121 [INFO] DbMcusAds:125 - Set database path to: C:\Users\Basti\.stmcufinder\plugins\mcufinder//mcu/
2023-12-01 00:41:40,153 [INFO] CrossReferenceDbSqlite:203 - Set database path to: C:\Users\Basti\.stmcufinder\plugins\mcufinder//mcu/cs/
2023-12-01 00:41:40,300 [INFO] RulesReader:64 - Compatibility file has been processed (293 Rules)
2023-12-01 00:41:40,396 [INFO] DbMcusXml:78 - Set database path to: D:\ST\STM32CubeIDE_1.13.2\STM32CubeIDE\plugins\com.st.stm32cube.common.mx_6.9.2.202309101412\\db\/mcu/
2023-12-01 00:41:40,396 [INFO] ApiDb:274 - Set plugin database path to: D:\ST\STM32CubeIDE_1.13.2\STM32CubeIDE\plugins\com.st.stm32cube.common.mx_6.9.2.202309101412\\db\/plugins/boardmanager/
2023-12-01 00:41:40,396 [INFO] ApiDb:261 - Set plugin images path to: D:\ST\STM32CubeIDE_1.13.2\STM32CubeIDE\plugins\com.st.stm32cube.common.mx_6.9.2.202309101412\\db\/plugins/mcufinder/images/
2023-12-01 00:41:40,396 [WARN] DbFile:41 - Overriding database path with different value: C:\Users\Basti\.stmcufinder\plugins\mcufinder/ => C:\Users\Basti\.stmcufinder\plugins\mcufinder
2023-12-01 00:41:40,396 [INFO] ApiDb:250 - Set database path to: C:\Users\Basti\.stmcufinder\plugins\mcufinder//mcu/
2023-12-01 00:41:40,396 [WARN] DbFile:41 - Overriding database path with different value: C:\Users\Basti\.stmcufinder\plugins\mcufinder/ => C:\Users\Basti\.stmcufinder\plugins\mcufinder
2023-12-01 00:41:40,397 [INFO] DbMcusAds:125 - Set database path to: C:\Users\Basti\.stmcufinder\plugins\mcufinder//mcu/
2023-12-01 00:41:40,397 [WARN] DbFile:41 - Overriding database path with different value: C:\Users\Basti\.stmcufinder\plugins\mcufinder/ => C:\Users\Basti\.stmcufinder\plugins\mcufinder
2023-12-01 00:41:40,397 [WARN] DbFile:41 - Overriding database path with different value: C:\Users\Basti\.stmcufinder\plugins\mcufinder/ => C:\Users\Basti\.stmcufinder\plugins\mcufinder
2023-12-01 00:41:40,397 [INFO] CrossReferenceDbSqlite:203 - Set database path to: C:\Users\Basti\.stmcufinder\plugins\mcufinder//mcu/cs/
2023-12-01 00:41:40,488 [INFO] MainPanel:262 - HeapMemory: 268435456
2023-12-01 00:41:40,586 [INFO] DbMcusXml:78 - Set database path to: D:\ST\STM32CubeIDE_1.13.2\STM32CubeIDE\plugins\com.st.stm32cube.common.mx_6.9.2.202309101412\\db\/mcu/
2023-12-01 00:41:40,586 [INFO] ApiDb:274 - Set plugin database path to: D:\ST\STM32CubeIDE_1.13.2\STM32CubeIDE\plugins\com.st.stm32cube.common.mx_6.9.2.202309101412\\db\/plugins/boardmanager/
2023-12-01 00:41:40,586 [INFO] ApiDb:261 - Set plugin images path to: D:\ST\STM32CubeIDE_1.13.2\STM32CubeIDE\plugins\com.st.stm32cube.common.mx_6.9.2.202309101412\\db\/plugins/mcufinder/images/
2023-12-01 00:41:40,587 [WARN] DbFile:41 - Overriding database path with different value: C:\Users\Basti\.stmcufinder\plugins\mcufinder/ => C:\Users\Basti\.stmcufinder\plugins\mcufinder
2023-12-01 00:41:40,587 [INFO] ApiDb:250 - Set database path to: C:\Users\Basti\.stmcufinder\plugins\mcufinder//mcu/
2023-12-01 00:41:40,587 [WARN] DbFile:41 - Overriding database path with different value: C:\Users\Basti\.stmcufinder\plugins\mcufinder/ => C:\Users\Basti\.stmcufinder\plugins\mcufinder
2023-12-01 00:41:40,587 [INFO] DbMcusAds:125 - Set database path to: C:\Users\Basti\.stmcufinder\plugins\mcufinder//mcu/
2023-12-01 00:41:40,587 [WARN] DbFile:41 - Overriding database path with different value: C:\Users\Basti\.stmcufinder\plugins\mcufinder/ => C:\Users\Basti\.stmcufinder\plugins\mcufinder
2023-12-01 00:41:40,587 [WARN] DbFile:41 - Overriding database path with different value: C:\Users\Basti\.stmcufinder\plugins\mcufinder/ => C:\Users\Basti\.stmcufinder\plugins\mcufinder
2023-12-01 00:41:40,587 [INFO] CrossReferenceDbSqlite:203 - Set database path to: C:\Users\Basti\.stmcufinder\plugins\mcufinder//mcu/cs/
2023-12-01 00:41:40,608 [INFO] ApplicationProperties:184 - Using Application install path: D:\ST\STM32CubeIDE_1.13.2\STM32CubeIDE\plugins\com.st.stm32cube.common.mx_6.9.2.202309101412
2023-12-01 00:41:40,610 [INFO] PluginManage:196 - Search for loadable plugins [exclusion list=, ]
2023-12-01 00:41:40,612 [INFO] PluginManage:310 - Check plugin analytics
2023-12-01 00:42:29,169 [INFO] Activator:176 - 


2023-12-01 00:42:29,172 [INFO] Activator:177 - !SESSION log4j initialized
2023-12-01 00:42:37,769 [INFO] LogOutputStream:77 - [STDOUT_REDIRECT] 
2023-12-01 00:42:44,564 [INFO] ApplicationProperties:184 - Using Application install path: D:\ST\STM32CubeIDE_1.13.2\STM32CubeIDE\plugins\com.st.stm32cube.common.mx_6.9.2.202309101412
2023-12-01 00:42:44,587 [INFO] DbMcusXml:78 - Set database path to: D:\ST\STM32CubeIDE_1.13.2\STM32CubeIDE\plugins\com.st.stm32cube.common.mx_6.9.2.202309101412\\db\/mcu/
2023-12-01 00:42:44,588 [INFO] ApiDb:274 - Set plugin database path to: D:\ST\STM32CubeIDE_1.13.2\STM32CubeIDE\plugins\com.st.stm32cube.common.mx_6.9.2.202309101412\\db\/plugins/boardmanager/
2023-12-01 00:42:44,588 [WARN] ApiDb:259 - Overriding images path with different value:  => D:\ST\STM32CubeIDE_1.13.2\STM32CubeIDE\plugins\com.st.stm32cube.common.mx_6.9.2.202309101412\\db\/plugins/mcufinder/images/
2023-12-01 00:42:44,605 [INFO] ApiDb:250 - Set database path to: C:\Users\Basti\.stmcufinder\plugins\mcufinder//mcu/
2023-12-01 00:42:44,612 [INFO] DbMcusAds:125 - Set database path to: C:\Users\Basti\.stmcufinder\plugins\mcufinder//mcu/
2023-12-01 00:42:44,615 [INFO] CrossReferenceDbSqlite:203 - Set database path to: C:\Users\Basti\.stmcufinder\plugins\mcufinder//mcu/cs/
2023-12-01 00:42:44,803 [INFO] RulesReader:64 - Compatibility file has been processed (293 Rules)
2023-12-01 00:42:44,943 [INFO] DbMcusXml:78 - Set database path to: D:\ST\STM32CubeIDE_1.13.2\STM32CubeIDE\plugins\com.st.stm32cube.common.mx_6.9.2.202309101412\\db\/mcu/
2023-12-01 00:42:44,943 [INFO] ApiDb:274 - Set plugin database path to: D:\ST\STM32CubeIDE_1.13.2\STM32CubeIDE\plugins\com.st.stm32cube.common.mx_6.9.2.202309101412\\db\/plugins/boardmanager/
2023-12-01 00:42:44,943 [INFO] ApiDb:261 - Set plugin images path to: D:\ST\STM32CubeIDE_1.13.2\STM32CubeIDE\plugins\com.st.stm32cube.common.mx_6.9.2.202309101412\\db\/plugins/mcufinder/images/
2023-12-01 00:42:44,944 [WARN] DbFile:41 - Overriding database path with different value: C:\Users\Basti\.stmcufinder\plugins\mcufinder/ => C:\Users\Basti\.stmcufinder\plugins\mcufinder
2023-12-01 00:42:44,945 [INFO] ApiDb:250 - Set database path to: C:\Users\Basti\.stmcufinder\plugins\mcufinder//mcu/
2023-12-01 00:42:44,945 [WARN] DbFile:41 - Overriding database path with different value: C:\Users\Basti\.stmcufinder\plugins\mcufinder/ => C:\Users\Basti\.stmcufinder\plugins\mcufinder
2023-12-01 00:42:44,945 [INFO] DbMcusAds:125 - Set database path to: C:\Users\Basti\.stmcufinder\plugins\mcufinder//mcu/
2023-12-01 00:42:44,945 [WARN] DbFile:41 - Overriding database path with different value: C:\Users\Basti\.stmcufinder\plugins\mcufinder/ => C:\Users\Basti\.stmcufinder\plugins\mcufinder
2023-12-01 00:42:44,945 [WARN] DbFile:41 - Overriding database path with different value: C:\Users\Basti\.stmcufinder\plugins\mcufinder/ => C:\Users\Basti\.stmcufinder\plugins\mcufinder
2023-12-01 00:42:44,945 [INFO] CrossReferenceDbSqlite:203 - Set database path to: C:\Users\Basti\.stmcufinder\plugins\mcufinder//mcu/cs/
2023-12-01 00:42:45,083 [INFO] MainPanel:262 - HeapMemory: 268435456
2023-12-01 00:42:45,290 [INFO] DbMcusXml:78 - Set database path to: D:\ST\STM32CubeIDE_1.13.2\STM32CubeIDE\plugins\com.st.stm32cube.common.mx_6.9.2.202309101412\\db\/mcu/
2023-12-01 00:42:45,290 [INFO] ApiDb:274 - Set plugin database path to: D:\ST\STM32CubeIDE_1.13.2\STM32CubeIDE\plugins\com.st.stm32cube.common.mx_6.9.2.202309101412\\db\/plugins/boardmanager/
2023-12-01 00:42:45,290 [INFO] ApiDb:261 - Set plugin images path to: D:\ST\STM32CubeIDE_1.13.2\STM32CubeIDE\plugins\com.st.stm32cube.common.mx_6.9.2.202309101412\\db\/plugins/mcufinder/images/
2023-12-01 00:42:45,291 [WARN] DbFile:41 - Overriding database path with different value: C:\Users\Basti\.stmcufinder\plugins\mcufinder/ => C:\Users\Basti\.stmcufinder\plugins\mcufinder
2023-12-01 00:42:45,291 [INFO] ApiDb:250 - Set database path to: C:\Users\Basti\.stmcufinder\plugins\mcufinder//mcu/
2023-12-01 00:42:45,291 [WARN] DbFile:41 - Overriding database path with different value: C:\Users\Basti\.stmcufinder\plugins\mcufinder/ => C:\Users\Basti\.stmcufinder\plugins\mcufinder
2023-12-01 00:42:45,291 [INFO] DbMcusAds:125 - Set database path to: C:\Users\Basti\.stmcufinder\plugins\mcufinder//mcu/
2023-12-01 00:42:45,291 [WARN] DbFile:41 - Overriding database path with different value: C:\Users\Basti\.stmcufinder\plugins\mcufinder/ => C:\Users\Basti\.stmcufinder\plugins\mcufinder
2023-12-01 00:42:45,291 [WARN] DbFile:41 - Overriding database path with different value: C:\Users\Basti\.stmcufinder\plugins\mcufinder/ => C:\Users\Basti\.stmcufinder\plugins\mcufinder
2023-12-01 00:42:45,291 [INFO] CrossReferenceDbSqlite:203 - Set database path to: C:\Users\Basti\.stmcufinder\plugins\mcufinder//mcu/cs/
2023-12-01 00:42:45,329 [INFO] ApplicationProperties:184 - Using Application install path: D:\ST\STM32CubeIDE_1.13.2\STM32CubeIDE\plugins\com.st.stm32cube.common.mx_6.9.2.202309101412
2023-12-01 00:42:45,331 [INFO] PluginManage:196 - Search for loadable plugins [exclusion list=, ]
2023-12-01 00:42:45,333 [INFO] PluginManage:310 - Check plugin analytics
2023-12-01 00:42:50,210 [INFO] AnalyticsPlugin:253 - Accepted Software Licenses: 
2023-12-01 00:42:50,210 [INFO] AnalyticsPlugin:255 - Accepted CMSIS Pack Licenses: 
2023-12-01 00:42:50,210 [INFO] AnalyticsPlugin:257 - Accepted Firmware Licenses: 
2023-12-01 00:42:50,214 [INFO] PluginManage:359 - Loaded plugin analytics (category:tool,tabindex:-1)
2023-12-01 00:42:50,214 [INFO] PluginManage:310 - Check plugin cadmodel
2023-12-01 00:42:50,219 [INFO] CADModel:105 - Init CAD model plugin
2023-12-01 00:42:50,220 [INFO] PluginManage:359 - Loaded plugin cadmodel (category:power,tabindex:5)
2023-12-01 00:42:50,220 [INFO] PluginManage:310 - Check plugin clock
2023-12-01 00:42:50,233 [INFO] PluginManage:359 - Loaded plugin clock (category:base,tabindex:2)
2023-12-01 00:42:50,233 [INFO] PluginManage:310 - Check plugin ddr
2023-12-01 00:42:50,237 [INFO] PluginManage:359 - Loaded plugin ddr (category:tool,tabindex:6)
2023-12-01 00:42:50,237 [INFO] PluginManage:310 - Check plugin filemanager
2023-12-01 00:42:50,444 [INFO] PluginManage:359 - Loaded plugin filemanager (category:base,tabindex:10)
2023-12-01 00:42:50,444 [INFO] PluginManage:310 - Check plugin ipmanager
2023-12-01 00:42:50,455 [INFO] PluginManage:359 - Loaded plugin ipmanager (category:base,tabindex:5)
2023-12-01 00:42:50,456 [INFO] PluginManage:310 - Check plugin lpbam
2023-12-01 00:42:50,470 [INFO] PluginManage:359 - Loaded plugin lpbam (category:base,tabindex:0)
2023-12-01 00:42:50,471 [INFO] PluginManage:310 - Check plugin memorymap
2023-12-01 00:42:50,489 [INFO] PluginManage:359 - Loaded plugin memorymap (category:base,tabindex:4)
2023-12-01 00:42:50,489 [INFO] PluginManage:310 - Check plugin pinoutandconfiguration
2023-12-01 00:42:50,499 [INFO] PluginManage:359 - Loaded plugin pinoutandconfiguration (category:base,tabindex:1)
2023-12-01 00:42:50,499 [INFO] PluginManage:310 - Check plugin pinoutconfig
2023-12-01 00:42:50,657 [WARN] SupportedApi:132 - Cannot load RTOS API schema: s4s-elt-must-match.1: The content of 'definitions' must match (annotation?, (simpleType | complexType)?, (unique | key | keyref)*)). A problem was found starting at: attribute.
2023-12-01 00:42:50,900 [INFO] PluginManage:359 - Loaded plugin pinoutconfig (category:base,tabindex:0)
2023-12-01 00:42:50,900 [INFO] PluginManage:310 - Check plugin power
2023-12-01 00:42:50,916 [INFO] PluginManage:359 - Loaded plugin power (category:power,tabindex:4)
2023-12-01 00:42:50,916 [INFO] PluginManage:310 - Check plugin projectmanager
2023-12-01 00:42:50,943 [INFO] PluginManage:359 - Loaded plugin projectmanager (category:projectmanager,tabindex:3)
2023-12-01 00:42:50,944 [INFO] PluginManage:310 - Check plugin thirdparty
2023-12-01 00:42:51,140 [INFO] PluginManage:359 - Loaded plugin thirdparty (category:base,tabindex:-1)
2023-12-01 00:42:51,140 [INFO] PluginManage:310 - Check plugin tools
2023-12-01 00:42:51,143 [INFO] PluginManage:359 - Loaded plugin tools (category:base,tabindex:7)
2023-12-01 00:42:51,143 [INFO] PluginManage:310 - Check plugin tutovideos
2023-12-01 00:42:51,150 [WARN] IntegrityCheckThread:84 - waiting for thirdparty lock release [integrity check]
2023-12-01 00:42:51,150 [INFO] IntegrityCheckThread:86 - entering critical section [integrity check]
2023-12-01 00:42:51,151 [INFO] ThirdPartyUpdaterWithRetryManager:70 - Updater plugin not ready yet. [1/15]
2023-12-01 00:42:51,425 [INFO] PluginManage:359 - Loaded plugin tutovideos (category:base,tabindex:-1)
2023-12-01 00:42:51,426 [INFO] PluginManage:310 - Check plugin updater
2023-12-01 00:42:51,439 [INFO] PluginManage:359 - Loaded plugin updater (category:base,tabindex:12)
2023-12-01 00:42:51,440 [INFO] PluginManage:310 - Check plugin userauth
2023-12-01 00:42:51,445 [INFO] UserAuth:113 - Init User Auth plugin
2023-12-01 00:42:51,445 [INFO] PluginManage:359 - Loaded plugin userauth (category:base,tabindex:14)
2023-12-01 00:42:51,446 [INFO] PluginManage:283 - PluginManage : Loaded plugins [17]
2023-12-01 00:42:51,744 [INFO] PinOutPanel:1499 - setPackage(No Configuration,No Configuration)
2023-12-01 00:42:51,869 [INFO] CADModel:165 - CPN selected for project level
2023-12-01 00:42:51,870 [INFO] CADModel:114 - Register for checkConnection events
2023-12-01 00:42:51,889 [INFO] IPUIPlugin:80 - create IPUIPlugin
2023-12-01 00:42:51,889 [INFO] PluginManager:220 - loadIPPluginJar : add adc
2023-12-01 00:42:51,893 [INFO] IPUIPlugin:80 - create IPUIPlugin
2023-12-01 00:42:51,893 [INFO] PluginManager:220 - loadIPPluginJar : add aes
2023-12-01 00:42:51,897 [INFO] IPUIPlugin:80 - create IPUIPlugin
2023-12-01 00:42:51,898 [INFO] PluginManager:220 - loadIPPluginJar : add can
2023-12-01 00:42:51,900 [INFO] IPUIPlugin:80 - create IPUIPlugin
2023-12-01 00:42:51,900 [INFO] PluginManager:220 - loadIPPluginJar : add comp
2023-12-01 00:42:51,904 [INFO] IPUIPlugin:80 - create IPUIPlugin
2023-12-01 00:42:51,904 [INFO] PluginManager:220 - loadIPPluginJar : add cryp
2023-12-01 00:42:51,909 [INFO] IPUIPlugin:80 - create IPUIPlugin
2023-12-01 00:42:51,909 [INFO] PluginManager:220 - loadIPPluginJar : add dfsdm
2023-12-01 00:42:51,916 [INFO] IPUIPlugin:80 - create IPUIPlugin
2023-12-01 00:42:51,916 [INFO] PluginManager:220 - loadIPPluginJar : add dma
2023-12-01 00:42:51,921 [INFO] IPUIPlugin:80 - create IPUIPlugin
2023-12-01 00:42:51,921 [INFO] PluginManager:220 - loadIPPluginJar : add dma3
2023-12-01 00:42:51,923 [INFO] IPUIPlugin:80 - create IPUIPlugin
2023-12-01 00:42:51,924 [INFO] PluginManager:220 - loadIPPluginJar : add fatfs
2023-12-01 00:42:51,929 [INFO] IPUIPlugin:80 - create IPUIPlugin
2023-12-01 00:42:51,930 [INFO] PluginManager:220 - loadIPPluginJar : add fmc
2023-12-01 00:42:51,938 [INFO] IPUIPlugin:80 - create IPUIPlugin
2023-12-01 00:42:51,939 [INFO] PluginManager:220 - loadIPPluginJar : add freertos
2023-12-01 00:42:51,951 [INFO] IPUIPlugin:80 - create IPUIPlugin
2023-12-01 00:42:51,951 [INFO] PluginManager:220 - loadIPPluginJar : add genericplugin
2023-12-01 00:42:51,955 [INFO] IPUIPlugin:80 - create IPUIPlugin
2023-12-01 00:42:51,955 [INFO] PluginManager:220 - loadIPPluginJar : add gfxmmu
2023-12-01 00:42:51,961 [INFO] IPUIPlugin:80 - create IPUIPlugin
2023-12-01 00:42:51,961 [INFO] PluginManager:220 - loadIPPluginJar : add gic
2023-12-01 00:42:51,966 [INFO] IPUIPlugin:80 - create IPUIPlugin
2023-12-01 00:42:51,966 [INFO] PluginManager:220 - loadIPPluginJar : add gpio
2023-12-01 00:42:51,969 [INFO] IPUIPlugin:80 - create IPUIPlugin
2023-12-01 00:42:51,970 [INFO] PluginManager:220 - loadIPPluginJar : add gtzc
2023-12-01 00:42:51,973 [INFO] IPUIPlugin:80 - create IPUIPlugin
2023-12-01 00:42:51,973 [INFO] PluginManager:220 - loadIPPluginJar : add hash
2023-12-01 00:42:51,976 [INFO] IPUIPlugin:80 - create IPUIPlugin
2023-12-01 00:42:51,976 [INFO] PluginManager:220 - loadIPPluginJar : add i2c
2023-12-01 00:42:51,980 [INFO] IPUIPlugin:80 - create IPUIPlugin
2023-12-01 00:42:51,980 [INFO] PluginManager:220 - loadIPPluginJar : add i2s
2023-12-01 00:42:51,983 [INFO] IPUIPlugin:80 - create IPUIPlugin
2023-12-01 00:42:51,983 [INFO] PluginManager:220 - loadIPPluginJar : add i3c
2023-12-01 00:42:51,987 [INFO] IPUIPlugin:80 - create IPUIPlugin
2023-12-01 00:42:51,987 [INFO] PluginManager:220 - loadIPPluginJar : add ipddr
2023-12-01 00:42:51,995 [INFO] IPUIPlugin:80 - create IPUIPlugin
2023-12-01 00:42:51,995 [INFO] PluginManager:220 - loadIPPluginJar : add linkedlist
2023-12-01 00:42:51,999 [INFO] IPUIPlugin:80 - create IPUIPlugin
2023-12-01 00:42:51,999 [INFO] PluginManager:220 - loadIPPluginJar : add lorawan
2023-12-01 00:42:52,002 [INFO] IPUIPlugin:80 - create IPUIPlugin
2023-12-01 00:42:52,002 [INFO] PluginManager:220 - loadIPPluginJar : add ltdc
2023-12-01 00:42:52,010 [INFO] IPUIPlugin:80 - create IPUIPlugin
2023-12-01 00:42:52,010 [INFO] PluginManager:220 - loadIPPluginJar : add mdma
2023-12-01 00:42:52,015 [INFO] IPUIPlugin:80 - create IPUIPlugin
2023-12-01 00:42:52,015 [INFO] PluginManager:220 - loadIPPluginJar : add nvic
2023-12-01 00:42:52,021 [INFO] IPUIPlugin:80 - create IPUIPlugin
2023-12-01 00:42:52,021 [INFO] PluginManager:220 - loadIPPluginJar : add opamp
2023-12-01 00:42:52,026 [INFO] IPUIPlugin:80 - create IPUIPlugin
2023-12-01 00:42:52,027 [INFO] PluginManager:220 - loadIPPluginJar : add openamp
2023-12-01 00:42:52,031 [INFO] IPUIPlugin:80 - create IPUIPlugin
2023-12-01 00:42:52,032 [INFO] PluginManager:220 - loadIPPluginJar : add pdm2pcm
2023-12-01 00:42:52,050 [INFO] IPUIPlugin:80 - create IPUIPlugin
2023-12-01 00:42:52,054 [INFO] PluginManager:220 - loadIPPluginJar : add plateformsettings
2023-12-01 00:42:52,057 [INFO] IPUIPlugin:80 - create IPUIPlugin
2023-12-01 00:42:52,057 [INFO] PluginManager:220 - loadIPPluginJar : add quadspi
2023-12-01 00:42:52,062 [INFO] IPUIPlugin:80 - create IPUIPlugin
2023-12-01 00:42:52,062 [INFO] PluginManager:220 - loadIPPluginJar : add resmgrutility
2023-12-01 00:42:52,066 [INFO] IPUIPlugin:80 - create IPUIPlugin
2023-12-01 00:42:52,066 [INFO] PluginManager:220 - loadIPPluginJar : add sai
2023-12-01 00:42:52,070 [INFO] IPUIPlugin:80 - create IPUIPlugin
2023-12-01 00:42:52,070 [INFO] PluginManager:220 - loadIPPluginJar : add spi
2023-12-01 00:42:52,077 [INFO] IPUIPlugin:80 - create IPUIPlugin
2023-12-01 00:42:52,077 [INFO] PluginManager:220 - loadIPPluginJar : add stm32_wpan
2023-12-01 00:42:52,080 [INFO] IPUIPlugin:80 - create IPUIPlugin
2023-12-01 00:42:52,080 [INFO] PluginManager:220 - loadIPPluginJar : add tim
2023-12-01 00:42:52,085 [INFO] IPUIPlugin:80 - create IPUIPlugin
2023-12-01 00:42:52,086 [INFO] PluginManager:220 - loadIPPluginJar : add touchsensing
2023-12-01 00:42:52,088 [INFO] IPUIPlugin:80 - create IPUIPlugin
2023-12-01 00:42:52,089 [INFO] PluginManager:220 - loadIPPluginJar : add tracer_emb
2023-12-01 00:42:52,091 [INFO] IPUIPlugin:80 - create IPUIPlugin
2023-12-01 00:42:52,091 [INFO] PluginManager:220 - loadIPPluginJar : add ts
2023-12-01 00:42:52,094 [INFO] IPUIPlugin:80 - create IPUIPlugin
2023-12-01 00:42:52,095 [INFO] PluginManager:220 - loadIPPluginJar : add tsc
2023-12-01 00:42:52,097 [INFO] IPUIPlugin:80 - create IPUIPlugin
2023-12-01 00:42:52,098 [INFO] PluginManager:220 - loadIPPluginJar : add ucpd
2023-12-01 00:42:52,102 [INFO] IPUIPlugin:80 - create IPUIPlugin
2023-12-01 00:42:52,102 [INFO] PluginManager:220 - loadIPPluginJar : add usart
2023-12-01 00:42:52,106 [INFO] IPUIPlugin:80 - create IPUIPlugin
2023-12-01 00:42:52,107 [INFO] PluginManager:220 - loadIPPluginJar : add usbx
2023-12-01 00:42:52,244 [INFO] CADModel:165 - CPN selected for project level
2023-12-01 00:42:52,245 [INFO] CADModel:114 - Register for checkConnection events
2023-12-01 00:42:52,245 [FATAL] Updater:308 - Updater called before beeing initialized
2023-12-01 00:42:52,245 [ERROR] CADModel:125 - Updater not yet initialized, retry later 
2023-12-01 00:42:52,503 [INFO] CADModel:165 - CPN selected for project level
2023-12-01 00:42:52,503 [INFO] CADModel:114 - Register for checkConnection events
2023-12-01 00:42:52,503 [FATAL] Updater:308 - Updater called before beeing initialized
2023-12-01 00:42:52,504 [ERROR] CADModel:125 - Updater not yet initialized, retry later 
2023-12-01 00:42:52,508 [FATAL] Updater:308 - Updater called before beeing initialized
2023-12-01 00:42:52,764 [FATAL] Updater:308 - Updater called before beeing initialized
2023-12-01 00:42:52,771 [INFO] DbMcusAds:53 - JSON generation date=Tue Mar 07 05:50:55 CLST 2023 (1678179055335)
2023-12-01 00:42:52,771 [FATAL] Updater:308 - Updater called before beeing initialized
2023-12-01 00:42:52,819 [WARN] DetailPanel:346 - Failed to get advertising image, set to default
2023-12-01 00:42:52,950 [FATAL] Updater:308 - Updater called before beeing initialized
2023-12-01 00:42:52,951 [FATAL] Updater:308 - Updater called before beeing initialized
2023-12-01 00:42:52,952 [FATAL] Updater:308 - Updater called before beeing initialized
2023-12-01 00:42:52,952 [WARN] DetailPanel:346 - Failed to get advertising image, set to default
2023-12-01 00:42:52,953 [FATAL] Updater:308 - Updater called before beeing initialized
2023-12-01 00:42:53,009 [ERROR] Updater:1120 - MainUpdater not yet initialized. External WinMGr cannot be set.
2023-12-01 00:42:53,012 [INFO] Updater:1056 - Updater Version found : 6.9.2
2023-12-01 00:42:53,032 [INFO] ApplicationProperties:184 - Using Application install path: D:\ST\STM32CubeIDE_1.13.2\STM32CubeIDE\plugins\com.st.stm32cube.common.mx_6.9.2.202309101412
2023-12-01 00:42:53,319 [INFO] MainUpdater:2868 - connection check result : 10
2023-12-01 00:42:53,320 [INFO] MainUpdater:285 - Updater Check For Update Now.
2023-12-01 00:42:53,320 [INFO] MicroXplorer:498 - Change Database Version : DB.6.0.92
2023-12-01 00:42:53,329 [INFO] McuFinderGlobals:63 - Set McuFinder mode to 2 (CubeIDE integrated)
2023-12-01 00:42:53,521 [INFO] CheckServerUpdateThread:120 - End of CheckServer Thread
2023-12-01 00:42:54,421 [WARN] PackLoader:240 - Cannot read IP mode file for STMicroelectronics.X-CUBE-SMBUS.2.1.0
2023-12-01 00:42:54,460 [WARN] PackLoader:240 - Cannot read IP mode file for STMicroelectronics.X-CUBE-AZRTOS-F7.1.1.0
2023-12-01 00:42:54,472 [WARN] PackLoader:240 - Cannot read IP mode file for STMicroelectronics.FP-SNS-MOTENV1.4.3.2
2023-12-01 00:42:54,483 [WARN] PackLoader:240 - Cannot read IP mode file for STMicroelectronics.X-CUBE-BLE1.6.2.3
2023-12-01 00:42:54,489 [WARN] PackLoader:240 - Cannot read IP mode file for STMicroelectronics.X-CUBE-BLE1.6.2.4
2023-12-01 00:42:54,495 [WARN] PackLoader:240 - Cannot read IP mode file for STMicroelectronics.FP-SNS-FLIGHT1.5.0.2
2023-12-01 00:42:54,525 [WARN] PackLoader:240 - Cannot read IP mode file for STMicroelectronics.X-CUBE-TOF1.3.1.0
2023-12-01 00:42:54,541 [WARN] PackLoader:240 - Cannot read IP mode file for STMicroelectronics.X-CUBE-DISPLAY.3.0.0
2023-12-01 00:42:54,566 [WARN] PackLoader:240 - Cannot read IP mode file for STMicroelectronics.X-CUBE-BLE1.7.0.0
2023-12-01 00:42:54,574 [WARN] PackLoader:240 - Cannot read IP mode file for STMicroelectronics.X-CUBE-TOUCHGFX.4.22.1
2023-12-01 00:42:54,626 [WARN] PackLoader:240 - Cannot read IP mode file for STMicroelectronics.X-CUBE-MEMS1.9.3.0
2023-12-01 00:42:54,787 [WARN] PackLoader:240 - Cannot read IP mode file for STMicroelectronics.X-CUBE-AI.7.2.0
2023-12-01 00:42:54,797 [WARN] PackLoader:240 - Cannot read IP mode file for STMicroelectronics.FP-SNS-SMARTAG2.1.2.0
2023-12-01 00:42:54,819 [INFO] LogOutputStream:77 - [STDOUT_REDIRECT] 1 : Invalid condition id : UX_CORESTACK_Condition cause : null
2023-12-01 00:42:54,820 [INFO] LogOutputStream:77 - [STDOUT_REDIRECT] 1 : Invalid condition id : UX_CORESTACK_Condition cause : null
2023-12-01 00:42:54,822 [INFO] LogOutputStream:77 - [STDOUT_REDIRECT] 1 : Invalid condition id : UX_CORESTACK_Condition cause : null
2023-12-01 00:42:54,826 [INFO] LogOutputStream:77 - [STDOUT_REDIRECT] 1 : Invalid condition id : UX_CORESTACK_Condition cause : null
2023-12-01 00:42:54,828 [INFO] LogOutputStream:77 - [STDOUT_REDIRECT] 1 : Invalid condition id : UX_CORESTACK_Condition cause : null
2023-12-01 00:42:54,831 [WARN] PackLoader:240 - Cannot read IP mode file for STMicroelectronics.X-CUBE-AZRTOS-WL.2.0.0
2023-12-01 00:42:54,840 [WARN] PackLoader:240 - Cannot read IP mode file for WES.I-CUBE-Cesium.1.3.0
2023-12-01 00:42:54,846 [WARN] PackLoader:240 - Cannot read IP mode file for STMicroelectronics.X-CUBE-BLE2.3.3.0
2023-12-01 00:42:54,854 [WARN] PackLoader:240 - Cannot read IP mode file for STMicroelectronics.X-CUBE-DISPLAY.2.2.0
2023-12-01 00:42:54,870 [WARN] PackLoader:240 - Cannot read IP mode file for STMicroelectronics.X-CUBE-TOF1.3.2.0
2023-12-01 00:42:54,880 [WARN] PackLoader:240 - Cannot read IP mode file for STMicroelectronics.X-CUBE-ISPU.1.0.0
2023-12-01 00:42:54,938 [WARN] PackLoader:240 - Cannot read IP mode file for STMicroelectronics.X-CUBE-AZRTOS-H7.2.1.0
2023-12-01 00:42:55,029 [WARN] PackLoader:240 - Cannot read IP mode file for STMicroelectronics.X-CUBE-MEMS1.9.4.0
2023-12-01 00:42:55,183 [WARN] PackLoader:240 - Cannot read IP mode file for STMicroelectronics.X-CUBE-AI.7.3.0
2023-12-01 00:42:55,191 [WARN] PackLoader:240 - Cannot read IP mode file for STMicroelectronics.X-CUBE-ALGOBUILD.1.3.0
2023-12-01 00:42:55,207 [WARN] PackLoader:240 - Cannot read IP mode file for STMicroelectronics.X-CUBE-AZRTOS-G0.1.1.0
2023-12-01 00:42:55,214 [WARN] PackLoader:240 - Cannot read IP mode file for STMicroelectronics.X-CUBE-NFC4.3.0.0
2023-12-01 00:42:55,251 [WARN] PackLoader:240 - Cannot read IP mode file for SEGGER.I-CUBE-embOS.1.2.0
2023-12-01 00:42:55,329 [WARN] PackLoader:240 - Cannot read IP mode file for STMicroelectronics.X-CUBE-BLEMGR.3.0.0
2023-12-01 00:42:55,341 [WARN] PackLoader:240 - Cannot read IP mode file for STMicroelectronics.X-CUBE-BLEMGR.1.3.0
2023-12-01 00:42:55,347 [WARN] PackLoader:240 - Cannot read IP mode file for STMicroelectronics.FP-ATR-SIGFOX1.3.2.0
2023-12-01 00:42:55,356 [WARN] PackLoader:240 - Cannot read IP mode file for emotas.I-CUBE-CANOPEN.1.1.2
2023-12-01 00:42:55,360 [WARN] PackLoader:240 - Cannot read IP mode file for STMicroelectronics.X-CUBE-TOUCHGFX.4.20.0
2023-12-01 00:42:55,367 [WARN] PackLoader:240 - Cannot read IP mode file for STMicroelectronics.X-CUBE-GNSS1.6.0.0
2023-12-01 00:42:55,395 [WARN] PackLoader:240 - Cannot read IP mode file for STMicroelectronics.X-CUBE-AZRTOS-F4.1.1.0
2023-12-01 00:42:55,404 [WARN] PackLoader:240 - Cannot read IP mode file for STMicroelectronics.X-CUBE-BLEMGR.1.2.0
2023-12-01 00:42:55,426 [WARN] PackLoader:240 - Cannot read IP mode file for STMicroelectronics.X-CUBE-AZRTOS-L5.2.0.0
2023-12-01 00:42:55,434 [WARN] PackLoader:240 - Cannot read IP mode file for STMicroelectronics.X-CUBE-EEPRMA1.4.2.0
2023-12-01 00:42:55,441 [WARN] PackLoader:240 - Cannot read IP mode file for ITTIA_DB.I-CUBE-ITTIADB.8.8.0
2023-12-01 00:42:55,446 [WARN] PackLoader:240 - Cannot read IP mode file for STMicroelectronics.X-CUBE-NFC4.2.0.5
2023-12-01 00:42:55,453 [WARN] PackLoader:240 - Cannot read IP mode file for STMicroelectronics.X-CUBE-NFC4.2.0.4
2023-12-01 00:42:55,476 [WARN] ConditionMgr:438 - getConditionDescription Invalid condition id : UX DEVICE CLASS RTOS Condition cause : null
2023-12-01 00:42:55,476 [WARN] ConditionMgr:438 - getConditionDescription Invalid condition id : UX DEVICE CLASS RTOS Condition cause : null
2023-12-01 00:42:55,481 [WARN] PackLoader:240 - Cannot read IP mode file for STMicroelectronics.X-CUBE-AZRTOS-H7.3.1.0
2023-12-01 00:42:55,482 [WARN] ConditionMgr:1039 - genDependencies : Invalid condition id : UX DEVICE CLASS RTOS Condition cause : null
2023-12-01 00:42:55,483 [WARN] ConditionMgr:1039 - genDependencies : Invalid condition id : UX DEVICE CLASS RTOS Condition cause : null
2023-12-01 00:42:55,483 [WARN] ConditionMgr:1039 - genDependencies : Invalid condition id : UX DEVICE CLASS RTOS Condition cause : null
2023-12-01 00:42:55,484 [WARN] ConditionMgr:1039 - genDependencies : Invalid condition id : UX DEVICE CLASS RTOS Condition cause : null
2023-12-01 00:42:55,484 [WARN] ConditionMgr:1039 - genDependencies : Invalid condition id : UX DEVICE CLASS RTOS Condition cause : null
2023-12-01 00:42:55,492 [WARN] PackLoader:240 - Cannot read IP mode file for wolfSSL.I-CUBE-wolfSSL.5.5.0
2023-12-01 00:42:55,498 [WARN] PackLoader:240 - Cannot read IP mode file for STMicroelectronics.X-CUBE-NFC7.1.0.1
2023-12-01 00:42:55,505 [WARN] PackLoader:240 - Cannot read IP mode file for STMicroelectronics.X-CUBE-NFC7.1.0.0
2023-12-01 00:42:55,515 [WARN] PackLoader:240 - Cannot read IP mode file for STMicroelectronics.X-CUBE-NFC6.3.0.0
2023-12-01 00:42:55,521 [WARN] PackLoader:240 - Cannot read IP mode file for STMicroelectronics.X-CUBE-AI.8.1.0
2023-12-01 00:42:55,547 [WARN] ConditionMgr:438 - getConditionDescription Invalid condition id : LAN8742 Phy interface Condition cause : null
2023-12-01 00:42:55,548 [WARN] PackLoader:240 - Cannot read IP mode file for STMicroelectronics.X-CUBE-AZRTOS-L4.2.0.0
2023-12-01 00:42:55,550 [WARN] ConditionMgr:1039 - genDependencies : Invalid condition id : LAN8742 Phy interface Condition cause : null
2023-12-01 00:42:55,550 [WARN] ConditionMgr:1039 - genDependencies : Invalid condition id : LAN8742 Phy interface Condition cause : null
2023-12-01 00:42:55,551 [WARN] ConditionMgr:1039 - genDependencies : Invalid condition id : LAN8742 Phy interface Condition cause : null
2023-12-01 00:42:55,560 [WARN] PackLoader:240 - Cannot read IP mode file for STMicroelectronics.X-CUBE-SFXS2LP1.4.0.0
2023-12-01 00:42:55,566 [WARN] PackLoader:240 - Cannot read IP mode file for STMicroelectronics.X-CUBE-ISPU.1.1.0
2023-12-01 00:42:55,575 [WARN] PackLoader:240 - Cannot read IP mode file for RoweBots.I-CUBE-UNISONRTOS.5.5.0-4
2023-12-01 00:42:55,594 [WARN] ConditionMgr:438 - getConditionDescription Invalid condition id : UX DEVICE CLASS RTOS Condition cause : null
2023-12-01 00:42:55,594 [WARN] ConditionMgr:438 - getConditionDescription Invalid condition id : UX DEVICE CLASS RTOS Condition cause : null
2023-12-01 00:42:55,598 [WARN] PackLoader:240 - Cannot read IP mode file for STMicroelectronics.X-CUBE-AZRTOS-WB.2.0.0
2023-12-01 00:42:55,606 [WARN] ConditionMgr:1039 - genDependencies : Invalid condition id : UX DEVICE CLASS RTOS Condition cause : null
2023-12-01 00:42:55,607 [WARN] ConditionMgr:1039 - genDependencies : Invalid condition id : UX DEVICE CLASS RTOS Condition cause : null
2023-12-01 00:42:55,607 [WARN] ConditionMgr:1039 - genDependencies : Invalid condition id : UX DEVICE CLASS RTOS Condition cause : null
2023-12-01 00:42:55,608 [WARN] ConditionMgr:1039 - genDependencies : Invalid condition id : UX DEVICE CLASS RTOS Condition cause : null
2023-12-01 00:42:55,608 [WARN] ConditionMgr:1039 - genDependencies : Invalid condition id : UX DEVICE CLASS RTOS Condition cause : null
2023-12-01 00:42:55,617 [WARN] PackLoader:240 - Cannot read IP mode file for STMicroelectronics.X-CUBE-BLEMGR.1.0.0
2023-12-01 00:42:55,640 [WARN] PackLoader:240 - Cannot read IP mode file for STMicroelectronics.X-CUBE-AZRTOS-L5.1.1.0
2023-12-01 00:42:55,657 [WARN] PackLoader:240 - Cannot read IP mode file for STMicroelectronics.X-CUBE-SUBG2.5.0.0
2023-12-01 00:42:55,675 [WARN] PackLoader:240 - Cannot read IP mode file for STMicroelectronics.X-CUBE-TOF1.3.3.1
2023-12-01 00:42:55,707 [WARN] PackLoader:240 - Cannot read IP mode file for STMicroelectronics.X-CUBE-AZRTOS-G4.2.0.0
2023-12-01 00:42:55,714 [WARN] PackLoader:240 - Cannot read IP mode file for STMicroelectronics.FP-ATR-ASTRA1.1.1.1
2023-12-01 00:42:55,731 [WARN] PackLoader:240 - Cannot read IP mode file for Infineon.AIROC-Wi-Fi-Bluetooth-STM32.1.5.1
2023-12-01 00:42:55,740 [WARN] PackLoader:240 - Cannot read IP mode file for STMicroelectronics.FP-SNS-MOTENVWB1.1.3.0
2023-12-01 00:42:55,745 [WARN] PackLoader:240 - Cannot read IP mode file for STMicroelectronics.FP-SNS-MOTENVWB1.1.3.1
2023-12-01 00:42:55,763 [WARN] PackLoader:240 - Cannot read IP mode file for STMicroelectronics.X-CUBE-AZRTOS-G4.1.0.0
2023-12-01 00:42:55,787 [WARN] PackLoader:240 - Cannot read IP mode file for STMicroelectronics.X-CUBE-AZRTOS-L4.1.0.0
2023-12-01 00:42:55,846 [WARN] PackLoader:240 - Cannot read IP mode file for STMicroelectronics.X-CUBE-MEMS1.10.0.0
2023-12-01 00:42:56,007 [WARN] PackLoader:240 - Cannot read IP mode file for STMicroelectronics.X-CUBE-FREERTOS.1.1.0
2023-12-01 00:42:56,021 [WARN] PackLoader:240 - Cannot read IP mode file for STMicroelectronics.X-CUBE-AZRTOS-WL.1.0.0
2023-12-01 00:42:56,059 [WARN] PackLoader:240 - Cannot read IP mode file for STMicroelectronics.X-CUBE-MEMS1.9.1.0
2023-12-01 00:42:56,158 [WARN] PackLoader:240 - Cannot read IP mode file for portGmbH.I-Cube-SoM-uGOAL.1.1.0
2023-12-01 00:42:56,163 [WARN] PackLoader:240 - Cannot read IP mode file for STMicroelectronics.X-CUBE-ALS.1.0.1
2023-12-01 00:42:56,175 [WARN] PackLoader:240 - Cannot read IP mode file for STMicroelectronics.X-CUBE-AZRTOS-WB.1.1.0
2023-12-01 00:42:56,199 [WARN] PackLoader:240 - Cannot read IP mode file for STMicroelectronics.X-CUBE-AZRTOS-L5.1.0.0
2023-12-01 00:42:56,205 [WARN] PackLoader:240 - Cannot read IP mode file for STMicroelectronics.X-CUBE-EEPRMA1.3.1.1
2023-12-01 00:42:56,209 [WARN] PackLoader:240 - Cannot read IP mode file for STMicroelectronics.FP-ATR-ASTRA1.2.0.0
2023-12-01 00:42:56,219 [WARN] PackLoader:240 - Cannot read IP mode file for STMicroelectronics.X-CUBE-TOF1.3.4.0
2023-12-01 00:42:56,228 [INFO] ThirdParty:978 - Integrity check success = true
2023-12-01 00:42:56,228 [INFO] IntegrityCheckThread:100 - exiting critical section [integrity check]
2023-12-01 00:42:56,228 [INFO] IntegrityCheckThread:103 - End integrity checks thread
2023-12-01 00:43:14,237 [ERROR] LogOutputStream:75 - [STDERR_REDIRECT] SLF4J: Failed to load class "org.slf4j.impl.StaticLoggerBinder".
2023-12-01 00:43:14,237 [ERROR] LogOutputStream:75 - [STDERR_REDIRECT] SLF4J: Defaulting to no-operation (NOP) logger implementation
2023-12-01 00:43:14,240 [ERROR] LogOutputStream:75 - [STDERR_REDIRECT] SLF4J: See http://www.slf4j.org/codes.html#StaticLoggerBinder for further details.
2023-12-01 00:53:44,544 [INFO] McuFinderGlobals:63 - Set McuFinder mode to 2 (CubeIDE integrated)
2023-12-01 00:53:44,564 [INFO] MainUpdater:2868 - connection check result : 10
2023-12-01 00:53:44,570 [INFO] MainUpdater:2868 - connection check result : 10
2023-12-01 00:53:44,788 [INFO] MicroXplorer:468 - Change Database Path : 
2023-12-01 00:53:44,788 [INFO] MicroXplorer:498 - Change Database Version : DB.6.0.92
2023-12-01 00:53:44,794 [WARN] ThirdParty:871 - waiting for thirdparty lock release [close project]
2023-12-01 00:53:44,794 [INFO] ThirdParty:873 - entering critical section [close project]
2023-12-01 00:53:44,796 [INFO] ThirdParty:883 - exiting critical section [close project]
2023-12-01 00:53:44,798 [INFO] PinOutPanel:1499 - setPackage(No Configuration,No Configuration)
2023-12-01 00:53:44,811 [INFO] UtilMem:75 - Begin LoadConfig() Used Memory: 551704800 Bytes (1066401792)
2023-12-01 00:53:44,812 [INFO] MicroXplorer:468 - Change Database Path : 
2023-12-01 00:53:44,813 [INFO] MicroXplorer:498 - Change Database Version : DB.6.0.92
2023-12-01 00:53:44,813 [INFO] OpenFileManager:308 - Change cursor
2023-12-01 00:53:44,947 [INFO] Mcu:1946 - Initializing MCU STM32L452R(C-E)Tx STM32L452RETx STM32L452RET3
2023-12-01 00:53:47,347 [INFO] Context:659 - Trying to add GPIOservice into a context  which must be forbidden
2023-12-01 00:53:48,415 [INFO] RtosManager:555 - Registered RTOS mode: class=CMSIS, group=RTOS, mode=CMSIS_V1, owner=FREERTOS
2023-12-01 00:53:48,415 [INFO] RtosManager:555 - Registered RTOS mode: class=CMSIS, group=RTOS2, mode=CMSIS_V2, owner=FREERTOS
2023-12-01 00:53:48,416 [INFO] RtosManager:555 - Registered RTOS mode: class=RTOS, group=Core, mode=CMSIS_V1, owner=FREERTOS
2023-12-01 00:53:48,416 [INFO] RtosManager:555 - Registered RTOS mode: class=RTOS, group=Core, mode=CMSIS_V2, owner=FREERTOS
2023-12-01 00:53:48,416 [WARN] ModelIntegratedComponent:184 - Missing modes for component STMicroelectronics:FreeRTOS:0.0.1:STMicroelectronics:RTOS:FreeRTOS:Core:::10.2.0:
2023-12-01 00:53:48,443 [WARN] ModelIntegratedComponent:63 - No mode defined for component null
2023-12-01 00:53:48,443 [WARN] ModelIntegratedComponent:63 - No mode defined for component null
2023-12-01 00:53:48,443 [WARN] ModelIntegratedComponent:63 - No mode defined for component null
2023-12-01 00:53:48,444 [WARN] ModelIntegratedComponent:63 - No mode defined for component null
2023-12-01 00:53:48,444 [WARN] ModelIntegratedComponent:63 - No mode defined for component null
2023-12-01 00:53:48,444 [WARN] ModelIntegratedComponent:63 - No mode defined for component null
2023-12-01 00:53:48,444 [WARN] ModelIntegratedComponent:63 - No mode defined for component null
2023-12-01 00:53:48,444 [WARN] ModelIntegratedComponent:63 - No mode defined for component null
2023-12-01 00:53:48,444 [WARN] ModelIntegratedComponent:63 - No mode defined for component null
2023-12-01 00:53:48,444 [WARN] ModelIntegratedComponent:63 - No mode defined for component null
2023-12-01 00:53:48,444 [WARN] ModelIntegratedComponent:63 - No mode defined for component null
2023-12-01 00:53:48,444 [WARN] ModelIntegratedComponent:63 - No mode defined for component null
2023-12-01 00:53:48,444 [WARN] ModelIntegratedComponent:63 - No mode defined for component null
2023-12-01 00:53:48,444 [WARN] ModelIntegratedComponent:63 - No mode defined for component null
2023-12-01 00:53:48,444 [WARN] ModelIntegratedComponent:63 - No mode defined for component null
2023-12-01 00:53:48,444 [WARN] ModelIntegratedComponent:63 - No mode defined for component null
2023-12-01 00:53:48,444 [WARN] ModelIntegratedComponent:63 - No mode defined for component null
2023-12-01 00:53:48,444 [WARN] ModelIntegratedComponent:63 - No mode defined for component null
2023-12-01 00:53:48,444 [WARN] ModelIntegratedComponent:63 - No mode defined for component null
2023-12-01 00:53:48,445 [WARN] ModelIntegratedComponent:63 - No mode defined for component null
2023-12-01 00:53:48,445 [WARN] ModelIntegratedComponent:63 - No mode defined for component null
2023-12-01 00:53:48,445 [WARN] ModelIntegratedComponent:63 - No mode defined for component null
2023-12-01 00:53:48,445 [WARN] ModelIntegratedComponent:63 - No mode defined for component null
2023-12-01 00:53:48,445 [WARN] ModelIntegratedComponent:63 - No mode defined for component null
2023-12-01 00:53:48,445 [WARN] ModelIntegratedComponent:63 - No mode defined for component null
2023-12-01 00:53:48,445 [WARN] ModelIntegratedComponent:63 - No mode defined for component null
2023-12-01 00:53:48,445 [WARN] ModelIntegratedComponent:63 - No mode defined for component null
2023-12-01 00:53:48,445 [WARN] ModelIntegratedComponent:63 - No mode defined for component null
2023-12-01 00:53:48,445 [WARN] ModelIntegratedComponent:63 - No mode defined for component null
2023-12-01 00:53:48,445 [WARN] ModelIntegratedComponent:63 - No mode defined for component null
2023-12-01 00:53:48,445 [WARN] ModelIntegratedComponent:63 - No mode defined for component null
2023-12-01 00:53:48,445 [WARN] ModelIntegratedComponent:63 - No mode defined for component null
2023-12-01 00:53:48,445 [WARN] ModelIntegratedComponent:63 - No mode defined for component null
2023-12-01 00:53:48,799 [INFO] ThirdPartyModel:298 - Start build external matchings
2023-12-01 00:53:51,077 [INFO] ThirdPartyModel:316 - End build external matchings
2023-12-01 00:53:51,119 [INFO] ImportTextPane:194 - (OptionalMessage_ERROR) IP (RCC) : Invalid parameter (FamilyName)
2023-12-01 00:53:51,121 [INFO] ImportTextPane:194 - (OptionalMessage_ERROR) IP (RCC) : Parameter (RNGFreq_Value) has invalid value (64000000)
2023-12-01 00:53:51,121 [INFO] ImportTextPane:194 - (OptionalMessage_ERROR) IP (RCC) : Parameter (SDMMCFreq_Value) has invalid value (64000000)
2023-12-01 00:53:51,121 [INFO] ImportTextPane:194 - (OptionalMessage_ERROR) IP (RCC) : Invalid parameter (SWPMI1Freq_Value)
2023-12-01 00:53:51,121 [INFO] ImportTextPane:194 - (OptionalMessage_ERROR) IP (RCC) : Invalid parameter (UART5Freq_Value)
2023-12-01 00:53:51,121 [INFO] ImportTextPane:194 - (OptionalMessage_ERROR) IP (RCC) : Parameter (USBFreq_Value) has invalid value (64000000)
2023-12-01 00:53:51,122 [INFO] ImportTextPane:194 - (OptionalMessage_ERROR) IP (RCC) : Invalid parameter (VCOSAI2OutputFreq_Value)
2023-12-01 00:53:51,583 [INFO] UtilMem:75 - End LoadConfig() Used Memory: 578802128 Bytes (1073741824)
2023-12-01 00:53:52,111 [INFO] ApiDb:581 - Connected to CubeFinder SQLite database (C:\Users\Basti\.stmcufinder\plugins\mcufinder\mcu\cube-finder-db.db)
2023-12-01 00:53:52,301 [INFO] ApiDb:668 - CubeFinder database Data Model version=2.1
2023-12-01 00:53:52,301 [INFO] ApiDb:669 - CubeFinder database Configuration version=3.0.37
2023-12-01 00:53:52,302 [INFO] ApiDb:670 - CubeFinder database generation date=2023-10-13 (1697197505)
2023-12-01 00:53:52,302 [INFO] ApiDb:671 - CubeFinder database FW Pack versions=[FP-ATR-ASTRA1_V2.0.0, FP-SNS-FLIGHT1_V5.0.1, FP-SNS-FLIGHT1_V5.0.2, FP-SNS-MOTENV1_V4.3.1, FP-SNS-MOTENV1_V4.3.2, FP-SNS-SMARTAG2_V1.2.0, I-CUBE-ITTIADB_V8.6.3-1, STM32Cube_FW_C0_V1.1.0, STM32Cube_FW_F4_V1.27.1, STM32Cube_FW_F7_V1.17.0, STM32Cube_FW_G0_V1.6.1, STM32Cube_FW_G4_V1.5.1, STM32Cube_FW_H5_V0.5.1, STM32Cube_FW_H5_V1.1.1, STM32Cube_FW_H7_V1.11.0, STM32Cube_FW_L0_V1.12.2, STM32Cube_FW_L5_V1.5.0, STM32Cube_FW_U5_V1.3.0, STM32Cube_FW_U5_V1.3.0RC4, STM32Cube_FW_WBA_V1.0.0RC1, STM32Cube_FW_WBA_V1.1.0RC1, STM32Cube_FW_WBA_V1.1.1, STM32Cube_FW_WB_V1.15.0RC1, STM32Cube_FW_WB_V1.16.0, STM32Cube_FW_WB_V1.16.0RC2, STM32Cube_FW_WB_V1.17.3, STM32Cube_FW_WL_V1.3.0, X-CUBE-ALGOBUILD_V1.3.0, X-CUBE-ALS_V1.0.1, X-CUBE-AZRTOS-F4_V1.1.0, X-CUBE-AZRTOS-F7_V1.1.0, X-CUBE-AZRTOS-G0_V1.1.0, X-CUBE-AZRTOS-G4_V2.0.0, X-CUBE-AZRTOS-H7_V3.1.0, X-CUBE-AZRTOS-L4_V1.0.0, X-CUBE-AZRTOS-L4_V2.0.0, X-CUBE-AZRTOS-L5_V1.1.0, X-CUBE-AZRTOS-WB_V2.0.0, X-CUBE-AZRTOS-WL_V2.0.0, X-CUBE-BLE1_V7.0.0, X-CUBE-BLE2_V3.3.0, X-CUBE-BLEMGR_V2.0.0, X-CUBE-EEPRMA1_V4.1.0, X-CUBE-FREERTOS_V1.1.0, X-CUBE-GNSS1_V6.0.0, X-CUBE-MEMS1_V10.0.0, X-CUBE-MEMS1_V9.1.0, X-CUBE-MEMS1_V9.4.0, X-CUBE-MEMS1_V9.6.0, X-CUBE-NFC4_V3.0.0, X-CUBE-NFC7_V1.0.1, X-CUBE-SFXS2LP1_V4.0.0, X-CUBE-SUBG2_V5.0.0, X-CUBE-TOF1_V3.3.1]
2023-12-01 00:53:55,791 [INFO] ApiDb:240 - Found 323 in-development CPN: [B-G473E-ZEST1S, B-WB1M-WPAN1, B-WL5M-SUBG1, NUCLEO-C031C6, NUCLEO-H503RB, NUCLEO-H563ZI, NUCLEO-U545RE-Q, NUCLEO-U5A5ZJ-Q, NUCLEO-WBA52CG, STEVAL-PROTEUS1, STEVAL-SMARTAG2, STEVAL-STWINBX1, STM320518-EVAL, STM32C0116-DK, STM32C011D6Y3TR, STM32C011D6Y6TR, STM32C011F4P3, STM32C011F4P6, STM32C011F4U3, STM32C011F4U6TR, STM32C011F6P3, STM32C011F6P6, STM32C011F6U3, STM32C011F6U6TR, STM32C011J4M3, STM32C011J4M6, STM32C011J6M3, STM32C011J6M6, STM32C0316-DK, STM32C031C4T3, STM32C031C4T6, STM32C031C4U3, STM32C031C4U6, STM32C031C6T3, STM32C031C6T6, STM32C031C6U3, STM32C031C6U6, STM32C031F4P3, STM32C031F4P6, STM32C031F6P3, STM32C031F6P6, STM32C031G4U3, STM32C031G4U6, STM32C031G6U3, STM32C031G6U6, STM32C031K4T3, STM32C031K4T6, STM32C031K4U3, STM32C031K4U6, STM32C031K6T3, STM32C031K6T6, STM32C031K6U3, STM32C031K6U6, STM32G071K8TXN, STM32G071K8UXN, STM32G081GBU6N, STM32G081KBT6N, STM32G081KBUXN, STM32G0B1CCT6N, STM32G0B1KCT6, STM32G0B1NEY6TR, STM32G0B1RCT6N, STM32G0C1CCT6, STM32G0C1CCT6N, STM32G0C1CCU6N, STM32G0C1CET6N, STM32G0C1CEU6N, STM32G0C1KCT6, STM32G0C1NEY6TR, STM32G0C1RCI6N, STM32G0C1RCT6N, STM32G0C1REI6N, STM32G0C1RET6N, STM32G0C1VCI6, STM32G0C1VEI6, STM32G471CCT6, STM32G471CCU6, STM32G471CET3, STM32G471CET6, STM32G471CEU3, STM32G471CEU6, STM32G471MCT6, STM32G471MET3, STM32G471MET6, STM32G471MEY6TR, STM32G471QCT6, STM32G471QET3, STM32G471RCT6, STM32G471RET3, STM32G471RET6, STM32G471VCH6, STM32G471VCI6, STM32G471VCT6, STM32G471VEH3, STM32G471VEH6, STM32G471VEI3, STM32G471VEI6, STM32G471VET3, STM32G471VET6, STM32G474CCT6, STM32H503CBT6, STM32H503CBU6, STM32H503EBY6TR, STM32H503KBU6, STM32H503RBT6, STM32H562AGI6, STM32H562AII6, STM32H562IGK6, STM32H562IGT6, STM32H562IIK6, STM32H562IIT6, STM32H562RGT6, STM32H562RGV6, STM32H562RIT6, STM32H562RIV6, STM32H562VGT6, STM32H562VIT6, STM32H562ZGT6, STM32H562ZIT6, STM32H563AGI6, STM32H563AII3Q, STM32H563AII6, STM32H563IGK6, STM32H563IGT6, STM32H563IIK3Q, STM32H563IIK6, STM32H563IIT3Q, STM32H563IIT6, STM32H563MIY3QTR, STM32H563RGT6, STM32H563RGV6, STM32H563RIT6, STM32H563RIV6, STM32H563VGT6, STM32H563VIT3Q, STM32H563VIT6, STM32H563ZGT6, STM32H563ZIT3Q, STM32H563ZIT6, STM32H573AII3Q, STM32H573AII6, STM32H573I-DK, STM32H573IIK3Q, STM32H573IIK6, STM32H573IIT3Q, STM32H573IIT6, STM32H573MIY3QTR, STM32H573RIT6, STM32H573RIV6, STM32H573VIT3Q, STM32H573VIT6, STM32H573ZIT3Q, STM32H573ZIT6, STM32L4R5QGI6STR, STM32MP131AAE3, STM32MP131AAF3, STM32MP131AAG3, STM32MP131CAE3, STM32MP131CAF3, STM32MP131CAG3, STM32MP131DAE7, STM32MP131DAF7, STM32MP131DAG7, STM32MP131FAE7, STM32MP131FAF7, STM32MP131FAG7, STM32MP133AAE3, STM32MP133AAF3, STM32MP133AAG3, STM32MP133CAE3, STM32MP133CAF3, STM32MP133CAG3, STM32MP133DAE7, STM32MP133DAF7, STM32MP133DAG7, STM32MP133FAE7, STM32MP133FAF7, STM32MP133FAG7, STM32MP135AAE3, STM32MP135AAF3, STM32MP135AAG3, STM32MP135CAE3, STM32MP135CAF3, STM32MP135CAG3, STM32MP135DAE7, STM32MP135DAF7, STM32MP135DAG7, STM32MP135F-DK, STM32MP135FAE7, STM32MP135FAF7, STM32MP135FAF7T, STM32MP135FAF7U, STM32MP135FAG7, STM32U535CBT6, STM32U535CBT6Q, STM32U535CBU6, STM32U535CBU6Q, STM32U535CCT6, STM32U535CCT6Q, STM32U535CCU6, STM32U535CCU6Q, STM32U535CET6, STM32U535CET6Q, STM32U535CEU6, STM32U535CEU6Q, STM32U535JEY6QTR, STM32U535NCY6QTR, STM32U535NEY6QTR, STM32U535RBI6, STM32U535RBI6Q, STM32U535RBT6, STM32U535RBT6Q, STM32U535RCI6, STM32U535RCI6Q, STM32U535RCT6, STM32U535RCT6Q, STM32U535REI6, STM32U535REI6Q, STM32U535RET6, STM32U535RET6Q, STM32U535VCI6, STM32U535VCI6Q, STM32U535VCT6, STM32U535VCT6Q, STM32U535VEI6, STM32U535VEI6Q, STM32U535VET6, STM32U535VET6Q, STM32U545CET6, STM32U545CET6Q, STM32U545CEU6, STM32U545CEU6Q, STM32U545JEY6QTR, STM32U545NEY6QTR, STM32U545REI6, STM32U545REI6Q, STM32U545RET6, STM32U545RET6Q, STM32U545VEI6, STM32U545VEI6Q, STM32U545VET6, STM32U545VET6Q, STM32U595AIH6, STM32U595AIH6Q, STM32U595AJH6, STM32U595AJH6Q, STM32U595QII6, STM32U595QII6Q, STM32U595QJI6, STM32U595QJI6Q, STM32U595RIT6, STM32U595RIT6Q, STM32U595RJT6, STM32U595RJT6Q, STM32U595VIT6, STM32U595VIT6Q, STM32U595VJT6, STM32U595VJT6Q, STM32U595ZIT6, STM32U595ZIT6Q, STM32U595ZIY6QTR, STM32U595ZJT6, STM32U595ZJT6Q, STM32U595ZJY6QTR, STM32U599BJY6QTR, STM32U599NIH6Q, STM32U599NJH6Q, STM32U599VIT6Q, STM32U599VJT6, STM32U599VJT6Q, STM32U599ZIT6Q, STM32U599ZIY6QTR, STM32U599ZJT6Q, STM32U599ZJY6QTR, STM32U5A5AJH6, STM32U5A5AJH6Q, STM32U5A5QJI6, STM32U5A5QJI6Q, STM32U5A5RJT6, STM32U5A5RJT6Q, STM32U5A5VJT6, STM32U5A5VJT6Q, STM32U5A5ZJT6, STM32U5A5ZJT6Q, STM32U5A5ZJY6QTR, STM32U5A9BJY6QTR, STM32U5A9J-DK, STM32U5A9NJH6Q, STM32U5A9VJT6Q, STM32U5A9ZJT6Q, STM32U5A9ZJY6QTR, STM32U5F7VIT6, STM32U5F7VIT6Q, STM32U5F7VJT6, STM32U5F7VJT6Q, STM32U5F9BJY6QTR, STM32U5F9NJH6Q, STM32U5F9VIT6Q, STM32U5F9VJT6Q, STM32U5F9ZIJ6QTR, STM32U5F9ZIT6Q, STM32U5F9ZJJ6QTR, STM32U5F9ZJT6Q, STM32U5G7VJT6, STM32U5G7VJT6Q, STM32U5G9BJY6QTR, STM32U5G9J-DK1, STM32U5G9J-DK2, STM32U5G9NJH6Q, STM32U5G9VJT6Q, STM32U5G9ZJJ6QTR, STM32U5G9ZJT6Q, STM32WB1MMCH6, STM32WBA52CEU6, STM32WBA52CEU6T, STM32WBA52CGU6, STM32WBA52CGU6T, STM32WBA52KEU6, STM32WBA52KEU6T, STM32WBA52KGU6, STM32WBA52KGU6T, STM32WL5MOCH6, STM32WL5MOCH6TR]
2023-12-01 00:53:55,795 [INFO] DbMcus:217 - Found 3848 MCUs, 3848 are supported
2023-12-01 00:53:55,796 [INFO] ApiDb:423 - Load user favorites file C:\Users\Basti/.stm32cubeide/favorites.mcus.txt: 0 item(s)
2023-12-01 00:53:55,797 [INFO] ApiDb:427 - User favorites MCUs=[]
2023-12-01 00:53:55,797 [INFO] DbMcus:223 - Set 0 / 0 favorites MCUs
2023-12-01 00:53:56,366 [WARN] ThirdParty:833 - waiting for thirdparty lock release [change project]
2023-12-01 00:53:56,366 [INFO] ThirdParty:835 - entering critical section [change project]
2023-12-01 00:53:56,366 [INFO] ThirdParty:1030 - CMSIS Pack Vendor :STMicroelectronics X-CUBE-ISPU 1.1.0
2023-12-01 00:53:56,366 [INFO] ThirdParty:1030 - CMSIS Pack Vendor :STMicroelectronics USBPD 4.1
2023-12-01 00:53:56,366 [INFO] ThirdParty:1030 - CMSIS Pack Vendor :RoweBots I-CUBE-UNISONRTOS 5.5.0-4
2023-12-01 00:53:56,366 [INFO] ThirdParty:1030 - CMSIS Pack Vendor :STMicroelectronics X-CUBE-GNSS1 6.0.0
2023-12-01 00:53:56,366 [INFO] ThirdParty:1030 - CMSIS Pack Vendor :STMicroelectronics X-CUBE-AZRTOS-H7 2.1.0
2023-12-01 00:53:56,366 [INFO] ThirdParty:1030 - CMSIS Pack Vendor :STMicroelectronics USB_HOST 2.0.0
2023-12-01 00:53:56,366 [INFO] ThirdParty:1030 - CMSIS Pack Vendor :STMicroelectronics X-CUBE-AZRTOS-F4 1.1.0
2023-12-01 00:53:56,367 [INFO] ThirdParty:1030 - CMSIS Pack Vendor :STMicroelectronics LIBJPEG 8.0.0
2023-12-01 00:53:56,367 [INFO] ThirdParty:1030 - CMSIS Pack Vendor :STMicroelectronics X-CUBE-SMBUS 2.1.0
2023-12-01 00:53:56,367 [INFO] ThirdParty:1030 - CMSIS Pack Vendor :STMicroelectronics USB_DEVICE 3.0.0
2023-12-01 00:53:56,367 [INFO] ThirdParty:1030 - CMSIS Pack Vendor :STMicroelectronics X-CUBE-AZRTOS-WB 2.0.0
2023-12-01 00:53:56,367 [INFO] ThirdParty:1030 - CMSIS Pack Vendor :STMicroelectronics X-CUBE-BLEMGR 1.0.0
2023-12-01 00:53:56,367 [INFO] ThirdParty:1030 - CMSIS Pack Vendor :STMicroelectronics X-CUBE-BLEMGR 1.2.0
2023-12-01 00:53:56,367 [INFO] ThirdParty:1030 - CMSIS Pack Vendor :STMicroelectronics X-CUBE-AZRTOS-F7 1.1.0
2023-12-01 00:53:56,367 [INFO] ThirdParty:1030 - CMSIS Pack Vendor :STMicroelectronics X-CUBE-AZRTOS-L5 2.0.0
2023-12-01 00:53:56,367 [INFO] ThirdParty:1030 - CMSIS Pack Vendor :STMicroelectronics X-CUBE-MEMS1 9.4.0
2023-12-01 00:53:56,367 [INFO] ThirdParty:1030 - CMSIS Pack Vendor :STMicroelectronics USB_DEVICE 2.0.0
2023-12-01 00:53:56,367 [INFO] ThirdParty:1030 - CMSIS Pack Vendor :STMicroelectronics X-CUBE-AI 7.3.0
2023-12-01 00:53:56,367 [INFO] ThirdParty:1030 - CMSIS Pack Vendor :STMicroelectronics X-CUBE-EEPRMA1 4.2.0
2023-12-01 00:53:56,367 [INFO] ThirdParty:1030 - CMSIS Pack Vendor :ITTIA_DB I-CUBE-ITTIADB 8.8.0
2023-12-01 00:53:56,367 [INFO] ThirdParty:1030 - CMSIS Pack Vendor :STMicroelectronics FP-SNS-MOTENV1 4.3.2
2023-12-01 00:53:56,368 [INFO] ThirdParty:1030 - CMSIS Pack Vendor :STMicroelectronics X-CUBE-BLE1 6.2.3
2023-12-01 00:53:56,368 [INFO] ThirdParty:1030 - CMSIS Pack Vendor :STMicroelectronics X-CUBE-ALGOBUILD 1.3.0
2023-12-01 00:53:56,368 [INFO] ThirdParty:1030 - CMSIS Pack Vendor :STMicroelectronics X-CUBE-BLE1 6.2.4
2023-12-01 00:53:56,368 [INFO] ThirdParty:1030 - CMSIS Pack Vendor :STMicroelectronics X-CUBE-AZRTOS-L5 1.1.0
2023-12-01 00:53:56,368 [INFO] ThirdParty:1030 - CMSIS Pack Vendor :STMicroelectronics FreeRTOS 0.0.1
2023-12-01 00:53:56,368 [INFO] ThirdParty:1030 - CMSIS Pack Vendor :STMicroelectronics X-CUBE-AZRTOS-G0 1.1.0
2023-12-01 00:53:56,368 [INFO] ThirdParty:1030 - CMSIS Pack Vendor :STMicroelectronics X-CUBE-NFC4 3.0.0
2023-12-01 00:53:56,368 [INFO] ThirdParty:1030 - CMSIS Pack Vendor :SEGGER I-CUBE-embOS 1.2.0
2023-12-01 00:53:56,368 [INFO] ThirdParty:1030 - CMSIS Pack Vendor :STMicroelectronics X-CUBE-SUBG2 5.0.0
2023-12-01 00:53:56,368 [INFO] ThirdParty:1030 - CMSIS Pack Vendor :STMicroelectronics STM32_WPAN 1.0.0
2023-12-01 00:53:56,368 [INFO] ThirdParty:1030 - CMSIS Pack Vendor :STMicroelectronics lwIP 2.0.3
2023-12-01 00:53:56,368 [INFO] ThirdParty:1030 - CMSIS Pack Vendor :STMicroelectronics FP-SNS-FLIGHT1 5.0.2
2023-12-01 00:53:56,368 [INFO] ThirdParty:1030 - CMSIS Pack Vendor :STMicroelectronics X-CUBE-NFC4 2.0.5
2023-12-01 00:53:56,368 [INFO] ThirdParty:1030 - CMSIS Pack Vendor :STMicroelectronics X-CUBE-NFC4 2.0.4
2023-12-01 00:53:56,369 [INFO] ThirdParty:1030 - CMSIS Pack Vendor :STMicroelectronics USB_HOST 1.0.0
2023-12-01 00:53:56,369 [INFO] ThirdParty:1030 - CMSIS Pack Vendor :STMicroelectronics X-CUBE-TOF1 3.3.1
2023-12-01 00:53:56,369 [INFO] ThirdParty:1030 - CMSIS Pack Vendor :STMicroelectronics X-CUBE-AZRTOS-G4 2.0.0
2023-12-01 00:53:56,369 [INFO] ThirdParty:1030 - CMSIS Pack Vendor :STMicroelectronics PDM2PCM 3.1.0
2023-12-01 00:53:56,369 [INFO] ThirdParty:1030 - CMSIS Pack Vendor :STMicroelectronics X-CUBE-AZRTOS-H7 3.1.0
2023-12-01 00:53:56,369 [INFO] ThirdParty:1030 - CMSIS Pack Vendor :STMicroelectronics FP-ATR-ASTRA1 1.1.1
2023-12-01 00:53:56,369 [INFO] ThirdParty:1030 - CMSIS Pack Vendor :Infineon AIROC-Wi-Fi-Bluetooth-STM32 1.5.1
2023-12-01 00:53:56,369 [INFO] ThirdParty:1030 - CMSIS Pack Vendor :STMicroelectronics X-CUBE-BLEMGR 3.0.0
2023-12-01 00:53:56,369 [INFO] ThirdParty:1030 - CMSIS Pack Vendor :STMicroelectronics PDM2PCM 3.3.0
2023-12-01 00:53:56,369 [INFO] ThirdParty:1030 - CMSIS Pack Vendor :STMicroelectronics X-CUBE-TOF1 3.1.0
2023-12-01 00:53:56,369 [INFO] ThirdParty:1030 - CMSIS Pack Vendor :STMicroelectronics X-CUBE-DISPLAY 3.0.0
2023-12-01 00:53:56,369 [INFO] ThirdParty:1030 - CMSIS Pack Vendor :STMicroelectronics X-CUBE-BLEMGR 1.3.0
2023-12-01 00:53:56,369 [INFO] ThirdParty:1030 - CMSIS Pack Vendor :STMicroelectronics FP-SNS-MOTENVWB1 1.3.0
2023-12-01 00:53:56,369 [INFO] ThirdParty:1030 - CMSIS Pack Vendor :STMicroelectronics FP-SNS-MOTENVWB1 1.3.1
2023-12-01 00:53:56,369 [INFO] ThirdParty:1030 - CMSIS Pack Vendor :STMicroelectronics X-CUBE-BLE1 7.0.0
2023-12-01 00:53:56,369 [INFO] ThirdParty:1030 - CMSIS Pack Vendor :STMicroelectronics FP-ATR-SIGFOX1 3.2.0
2023-12-01 00:53:56,369 [INFO] ThirdParty:1030 - CMSIS Pack Vendor :STMicroelectronics X-CUBE-AZRTOS-G4 1.0.0
2023-12-01 00:53:56,369 [INFO] ThirdParty:1030 - CMSIS Pack Vendor :STMicroelectronics X-CUBE-AZRTOS-L4 1.0.0
2023-12-01 00:53:56,370 [INFO] ThirdParty:1030 - CMSIS Pack Vendor :wolfSSL I-CUBE-wolfSSL 5.5.0
2023-12-01 00:53:56,370 [INFO] ThirdParty:1030 - CMSIS Pack Vendor :STMicroelectronics HAL Drivers 0.0.0
2023-12-01 00:53:56,370 [INFO] ThirdParty:1030 - CMSIS Pack Vendor :STMicroelectronics MBEDTLS 2.16.2
2023-12-01 00:53:56,370 [INFO] ThirdParty:1030 - CMSIS Pack Vendor :emotas I-CUBE-CANOPEN 1.1.2
2023-12-01 00:53:56,370 [INFO] ThirdParty:1030 - CMSIS Pack Vendor :STMicroelectronics X-CUBE-TOUCHGFX 4.20.0
2023-12-01 00:53:56,370 [INFO] ThirdParty:1030 - CMSIS Pack Vendor :STMicroelectronics X-CUBE-MEMS1 10.0.0
2023-12-01 00:53:56,370 [INFO] ThirdParty:1030 - CMSIS Pack Vendor :STMicroelectronics X-CUBE-FREERTOS 1.1.0
2023-12-01 00:53:56,370 [INFO] ThirdParty:1030 - CMSIS Pack Vendor :STMicroelectronics X-CUBE-NFC7 1.0.1
2023-12-01 00:53:56,370 [INFO] ThirdParty:1030 - CMSIS Pack Vendor :STMicroelectronics MBEDTLS 2.14.1
2023-12-01 00:53:56,370 [INFO] ThirdParty:1030 - CMSIS Pack Vendor :STMicroelectronics X-CUBE-NFC7 1.0.0
2023-12-01 00:53:56,370 [INFO] ThirdParty:1030 - CMSIS Pack Vendor :STMicroelectronics X-CUBE-TOUCHGFX 4.22.1
2023-12-01 00:53:56,370 [INFO] ThirdParty:1030 - CMSIS Pack Vendor :STMicroelectronics X-CUBE-AZRTOS-WL 1.0.0
2023-12-01 00:53:56,370 [INFO] ThirdParty:1030 - CMSIS Pack Vendor :STMicroelectronics X-CUBE-MEMS1 9.1.0
2023-12-01 00:53:56,370 [INFO] ThirdParty:1030 - CMSIS Pack Vendor :STMicroelectronics X-CUBE-NFC6 3.0.0
2023-12-01 00:53:56,370 [INFO] ThirdParty:1030 - CMSIS Pack Vendor :STMicroelectronics X-CUBE-MEMS1 9.3.0
2023-12-01 00:53:56,370 [INFO] ThirdParty:1030 - CMSIS Pack Vendor :portGmbH I-Cube-SoM-uGOAL 1.1.0
2023-12-01 00:53:56,370 [INFO] ThirdParty:1030 - CMSIS Pack Vendor :STMicroelectronics X-CUBE-ALS 1.0.1
2023-12-01 00:53:56,370 [INFO] ThirdParty:1030 - CMSIS Pack Vendor :STMicroelectronics X-CUBE-AI 7.2.0
2023-12-01 00:53:56,371 [INFO] ThirdParty:1030 - CMSIS Pack Vendor :STMicroelectronics ThreadX 1.0.0
2023-12-01 00:53:56,371 [INFO] ThirdParty:1030 - CMSIS Pack Vendor :STMicroelectronics FP-SNS-SMARTAG2 1.2.0
2023-12-01 00:53:56,371 [INFO] ThirdParty:1030 - CMSIS Pack Vendor :STMicroelectronics X-CUBE-AZRTOS-WB 1.1.0
2023-12-01 00:53:56,371 [INFO] ThirdParty:1030 - CMSIS Pack Vendor :STMicroelectronics X-CUBE-AZRTOS-WL 2.0.0
2023-12-01 00:53:56,371 [INFO] ThirdParty:1030 - CMSIS Pack Vendor :STMicroelectronics X-CUBE-AZRTOS-L5 1.0.0
2023-12-01 00:53:56,371 [INFO] ThirdParty:1030 - CMSIS Pack Vendor :STMicroelectronics USB_DEVICE 1.0.0
2023-12-01 00:53:56,371 [INFO] ThirdParty:1030 - CMSIS Pack Vendor :STMicroelectronics X-CUBE-AI 8.1.0
2023-12-01 00:53:56,371 [INFO] ThirdParty:1030 - CMSIS Pack Vendor :STMicroelectronics X-CUBE-EEPRMA1 3.1.1
2023-12-01 00:53:56,371 [INFO] ThirdParty:1030 - CMSIS Pack Vendor :STMicroelectronics X-CUBE-AZRTOS-L4 2.0.0
2023-12-01 00:53:56,371 [INFO] ThirdParty:1030 - CMSIS Pack Vendor :STMicroelectronics ThreadX 0.0.2
2023-12-01 00:53:56,371 [INFO] ThirdParty:1030 - CMSIS Pack Vendor :WES I-CUBE-Cesium 1.3.0
2023-12-01 00:53:56,371 [INFO] ThirdParty:1030 - CMSIS Pack Vendor :STMicroelectronics FP-ATR-ASTRA1 2.0.0
2023-12-01 00:53:56,371 [INFO] ThirdParty:1030 - CMSIS Pack Vendor :STMicroelectronics lwIP 2.1.2
2023-12-01 00:53:56,371 [INFO] ThirdParty:1030 - CMSIS Pack Vendor :STMicroelectronics X-CUBE-SFXS2LP1 4.0.0
2023-12-01 00:53:56,371 [INFO] ThirdParty:1030 - CMSIS Pack Vendor :STMicroelectronics X-CUBE-BLE2 3.3.0
2023-12-01 00:53:56,371 [INFO] ThirdParty:1030 - CMSIS Pack Vendor :STMicroelectronics X-CUBE-TOF1 3.4.0
2023-12-01 00:53:56,371 [INFO] ThirdParty:1030 - CMSIS Pack Vendor :STMicroelectronics X-CUBE-DISPLAY 2.2.0
2023-12-01 00:53:56,371 [INFO] ThirdParty:1030 - CMSIS Pack Vendor :STMicroelectronics X-CUBE-TOF1 3.2.0
2023-12-01 00:53:56,372 [INFO] ThirdParty:1030 - CMSIS Pack Vendor :STMicroelectronics PDM2PCM 3.2.0
2023-12-01 00:53:56,372 [INFO] ThirdParty:1030 - CMSIS Pack Vendor :STMicroelectronics X-CUBE-ISPU 1.0.0
2023-12-01 00:53:56,372 [INFO] ThirdParty:841 - exiting critical section [change project]
2023-12-01 00:53:56,961 [INFO] PinOutPanel:1499 - setPackage(No Configuration,No Configuration)
2023-12-01 00:53:56,963 [INFO] PinOutPanel:1499 - setPackage(STM32L452RETx,LQFP64)
2023-12-01 00:53:57,933 [INFO] UtilMem:75 - Before build in PCC Used Memory: 933710056 Bytes (1073741824)
2023-12-01 00:53:59,359 [INFO] UtilMem:75 - After build in PCC Used Memory: 641290752 Bytes (1073741824)
2023-12-01 00:53:59,391 [INFO] IPUIPlugin:80 - create IPUIPlugin
2023-12-01 00:53:59,391 [INFO] IPUIPlugin:80 - create IPUIPlugin
2023-12-01 00:53:59,391 [INFO] IPUIPlugin:80 - create IPUIPlugin
2023-12-01 00:53:59,391 [INFO] IPUIPlugin:80 - create IPUIPlugin
2023-12-01 00:53:59,391 [INFO] IPUIPlugin:80 - create IPUIPlugin
2023-12-01 00:53:59,392 [INFO] IPUIPlugin:80 - create IPUIPlugin
2023-12-01 00:53:59,392 [INFO] IPUIPlugin:80 - create IPUIPlugin
2023-12-01 00:53:59,392 [INFO] IPUIPlugin:80 - create IPUIPlugin
2023-12-01 00:53:59,392 [INFO] IPUIPlugin:80 - create IPUIPlugin
2023-12-01 00:53:59,392 [INFO] IPUIPlugin:80 - create IPUIPlugin
2023-12-01 00:53:59,392 [INFO] IPUIPlugin:80 - create IPUIPlugin
2023-12-01 00:53:59,392 [INFO] IPUIPlugin:80 - create IPUIPlugin
2023-12-01 00:53:59,392 [INFO] IPUIPlugin:80 - create IPUIPlugin
2023-12-01 00:53:59,393 [INFO] IPUIPlugin:80 - create IPUIPlugin
2023-12-01 00:53:59,393 [INFO] IPUIPlugin:80 - create IPUIPlugin
2023-12-01 00:53:59,393 [INFO] IPUIPlugin:80 - create IPUIPlugin
2023-12-01 00:53:59,393 [INFO] IPUIPlugin:80 - create IPUIPlugin
2023-12-01 00:53:59,393 [INFO] IPUIPlugin:80 - create IPUIPlugin
2023-12-01 00:53:59,394 [INFO] IPUIPlugin:80 - create IPUIPlugin
2023-12-01 00:53:59,394 [INFO] IPUIPlugin:80 - create IPUIPlugin
2023-12-01 00:53:59,394 [INFO] IPUIPlugin:80 - create IPUIPlugin
2023-12-01 00:53:59,394 [INFO] IPUIPlugin:80 - create IPUIPlugin
2023-12-01 00:53:59,394 [INFO] IPUIPlugin:80 - create IPUIPlugin
2023-12-01 00:53:59,395 [INFO] IPUIPlugin:80 - create IPUIPlugin
2023-12-01 00:53:59,395 [INFO] IPUIPlugin:80 - create IPUIPlugin
2023-12-01 00:53:59,395 [INFO] IPUIPlugin:80 - create IPUIPlugin
2023-12-01 00:53:59,395 [INFO] IPUIPlugin:80 - create IPUIPlugin
2023-12-01 00:53:59,395 [INFO] IPUIPlugin:80 - create IPUIPlugin
2023-12-01 00:53:59,396 [INFO] IPUIPlugin:80 - create IPUIPlugin
2023-12-01 00:53:59,396 [INFO] IPUIPlugin:80 - create IPUIPlugin
2023-12-01 00:53:59,396 [INFO] IPUIPlugin:80 - create IPUIPlugin
2023-12-01 00:53:59,396 [INFO] IPUIPlugin:80 - create IPUIPlugin
2023-12-01 00:53:59,397 [INFO] IPUIPlugin:80 - create IPUIPlugin
2023-12-01 00:53:59,397 [INFO] IPUIPlugin:80 - create IPUIPlugin
2023-12-01 00:53:59,398 [INFO] IPUIPlugin:80 - create IPUIPlugin
2023-12-01 00:53:59,399 [INFO] IPUIPlugin:80 - create IPUIPlugin
2023-12-01 00:53:59,399 [INFO] IPUIPlugin:80 - create IPUIPlugin
2023-12-01 00:53:59,400 [INFO] IPUIPlugin:80 - create IPUIPlugin
2023-12-01 00:53:59,400 [INFO] IPUIPlugin:80 - create IPUIPlugin
2023-12-01 00:53:59,401 [INFO] IPUIPlugin:80 - create IPUIPlugin
2023-12-01 00:53:59,401 [INFO] IPUIPlugin:80 - create IPUIPlugin
2023-12-01 00:53:59,401 [INFO] IPUIPlugin:80 - create IPUIPlugin
2023-12-01 00:53:59,402 [INFO] IPUIPlugin:80 - create IPUIPlugin
2023-12-01 00:53:59,402 [INFO] IPUIPlugin:80 - create IPUIPlugin
2023-12-01 00:53:59,402 [INFO] IPUIPlugin:80 - create IPUIPlugin
2023-12-01 00:53:59,403 [INFO] IPUIPlugin:80 - create IPUIPlugin
2023-12-01 00:53:59,403 [INFO] IPUIPlugin:80 - create IPUIPlugin
2023-12-01 00:53:59,753 [INFO] CADModel:165 - CPN selected for project levelSTM32L452RET3
2023-12-01 00:53:59,753 [INFO] CADModel:114 - Register for checkConnection events
2023-12-01 00:53:59,809 [INFO] OpenFileManager:328 - Restore cursor
2023-12-01 00:54:07,191 [INFO] NvicIntPanel:101 - NVIC parent = com.st.microxplorer.plugins.ip.nvic.MultiNvicIntPanel[,0,0,0x0,invalid,layout=javax.swing.BoxLayout,alignmentX=0.0,alignmentY=0.0,border=,flags=9,maximumSize=,minimumSize=,preferredSize=]
